id,tweet,retweetCount,isRetweetedByMe,favCount,date
,平成27年12月30日水曜日、ラーメン二郎 三田本店、大ラーメン ニンニク 650YEN<n>麺、ツルとしてザクザク喰えるもの。<n>汁、ウンメ〜ッ！スッキリと飲みやすい汁、カラダに優しい癒し汁。<n>ぶた、プリップリで脂身甘いもの。<n>完飲。 https://t.co/F48ssmuRce,511,false,430,2015/12/30 10:18:10
,平成27年12月29日火曜日、ラーメン二郎 西台駅前店、小豚+味噌+白ネギ+味付うずら+生卵+生卵 ニンニク 1200YEN<n>汁、アッツアツ、凍えた体ポッカポカ。<n>生姜加えて、メッチャウンメ〜ッ！<n>豚、端豚、巻豚、神域ィ！<n>完飲。 https://t.co/P8UMRZhZZE,698,false,555,2015/12/29 21:52:36
,平成27年12月28日月曜日、ラーメン二郎 歌舞伎町店、普通盛+煮玉子 ニンニク800YEN<n>麺、モチとした食感の喰いごたえあるもの。<n>汁、ヤサイと合う、ニンニク溶けてウマい汁。<n>ブタ、いささかパサも、汁に浸しておいて吉。<n>完飲。 https://t.co/WtikdoVhHr,546,false,439,2015/12/28 19:41:00
,平成27年12月27日日曜日、ラーメン二郎大宮店、大ラーメン アブラカラメ生姜 700YEN<n>完飲。 https://t.co/kCB8tBUqYS,1888,false,1054,2015/12/27 18:36:02
,平成27年12月26日土曜日、ラーメン二郎 三田本店夜の部、大ラーメン ニンニクカラメ 650YEN<n>ぶた切れ無念。<n>麺、デッロプリに液体アブラ絡んでウッメェェッ！<n>汁、ウマ味と醤油利いたスッキリしたもの。クタヤサイと合う。<n>完飲。 https://t.co/DshC89IF7L,516,false,395,2015/12/26 21:42:08
,平成27年12月26日土曜日、ラーメン二郎 三田本店、ぶた入り大ラーメン ニンニク 750YEN<n>麺、プリとした柔らかめの食感。俺好み。<n>汁、ウマ味利いてウンメ〜ッ！<n>ブタ、喰いごたえあるぶ厚い端ブタ。しっとりとしてウマい。<n>完飲。 https://t.co/kaOO5rfynI,455,false,417,2015/12/26 21:36:39
,平成27年12月25日金曜日、ラーメン二郎 桜台駅前店、小ラーメン+生たまご+生たまご ニンニク紅生姜 800YEN<n>紅生姜ウッメェェッ！ムッチクニュ麺との食感の違い楽しいッ！ミルキィな汁に爽やかな酸味加わり激しくウマいッ！<n>完飲。 https://t.co/FWESnTHpqr,537,false,495,2015/12/25 22:19:17
,平成27年12月24日木曜日、ラーメン二郎八王子野猿街道店2、小ラーメン+レジェンド ニンニク少 930YEN<n>丸鶏入りスープの日。<n>ウッメェェッ！鶏のウマ味メッチャ利いた汁。玉子メッチャ合う〜！ウズラメッチャ合う〜！<n>完飲。 https://t.co/iNdJmh3IQg,738,false,603,2015/12/24 22:53:00
,平成27年12月23日水曜日、ラーメン二郎八王子野猿街道店2、小ラーメン+レジェンド ニンニク少 930YEN<n>麺、柔らかな仕上がり、メッチャ俺好み。<n>ウズラ、キングサイズ。大型種のウズラかな。トロリ半熟でウッメェェッ！<n>完飲。 https://t.co/nMqAUk2L81,1568,false,1046,2015/12/23 17:10:54
,平成27年12月22日火曜日、ラーメン二郎 新潟店、ラーメン小 ニンニク 700YEN<n>麺、ムチとしてザクザク喰えるもの。<n>汁、キャベツの甘み溶けて優しい味わい癒し系。超アッツアツで舌やけど。<n>ぶた、モチプリとしたもの。<n>完飲。 https://t.co/I5pOUxuQV8,564,false,483,2015/12/22 20:13:22
,平成27年12月21日月曜日、ラーメン二郎 西台駅前店、ラーメン+味噌+青ネギ+味付うずら+生卵+生卵 ニンニク 1100YEN<n>汁、一口啜ればスパイスふあと香る味噌味。<n>ブタ、ウッメェェッ！！味染みてプルと柔らか神域ブタ。<n>完飲。 https://t.co/HGgdzirAmG,597,false,538,2015/12/21 22:43:21
,平成27年12月20日日曜日、ラーメン二郎 環七新新代田店、小(スープ無し)+U.S.Nダブル+なまたまご+なまたまご+デスウズラ1100YEN<n>U.S.Nとはウスターソース肉入り。肉たっぷりのボロネーゼ味で満足度MAXッ！<n>完飲。 https://t.co/zHYTKvDVWY,517,false,456,2015/12/20 16:01:08
,平成27年12月19日土曜日、ラーメン二郎 湘南藤沢店、ラーメン+生卵+生卵 ニンニク 790YEN<n>麺、小麦詰まった感じの麺が柔らか茹で加減でウンメ〜ッ！<n>汁、スッキリ澄んだ優しい味わいニンニク溶けてウマい汁。<n>完飲。 https://t.co/4S1nrgvRVe,426,false,448,2015/12/19 18:00:06
,平成27年12月18日金曜日、ラーメン二郎 京急川崎店、大ラーメン ニンニク 830YEN<n>麺、プルックニュッやっわらけ〜ッ！夢中で啜る。<n>汁、甘っめェェッ！最ッ高にウンメ〜ッ！<n>ブタ、ミッチリ美味なるもの。<n>完飲。ごっそさんです。 https://t.co/qW6yRd26YP,501,false,463,2015/12/18 22:56:16
,平成27年12月17日木曜日、ラーメン二郎 西台駅前店、ラーメン+味噌+白ネギ+味付うずら+生卵+生卵 ニンニク1100YEN<n>汁、ウンメ〜ッ！カレー風味感じない旧ヴァージョンのような俺好みのもの。偶々なのかな？推移見守りつつ完飲。 https://t.co/hAS43Iar2R,500,false,451,2015/12/17 21:52:52
,平成27年12月16日水曜日、ラーメン二郎 府中店、大ラーメン ニンニクカラメ 800YEN<n>麺、茹で加減俺好み。極太でプルンと踊るもの。<n>汁、今日のはいささか薄めなもののカラメいい仕事しててGOOD。<n>ブタ、ホロブタ。<n>完飲。 https://t.co/iw712FKEin,586,false,514,2015/12/16 22:15:42
,平成27年12月16日水曜日、味仙JR名古屋駅店、台湾ラーメンイタリアン+台湾ラーメン 1512YEN<n>名古屋駅に味仙出来た。台湾ラーメン喰って帰れる。嬉しい。イタリアンとノーマルの味比べ。スッキリと辛くてウンメ〜ッ！<n>完飲。 https://t.co/ozbcJtKch5,1354,false,826,2015/12/16 16:20:43
,平成27年12月15日火曜日、ラーメン二郎 品川店、小+煮玉子+煮玉子 ニンニク 900YEN<n>麺、ザクザク貪るウンメ〜ッ！<n>汁、ウマ味に奮える。ニンニク溶けてもっと奮える！煮玉子溶けて超奮える！！<n>ブタ、味染みてて俺好み。<n>完飲。 https://t.co/NzcWgVfoE1,465,false,429,2015/12/15 20:25:39
,平成27年12月14日月曜日、ラーメン二郎 三田本店夜の部、ぶた入り大ラーメン ニンニク 750YEN<n>麺、デロとしてウッメェッ！<n>汁、ウマ味たっぷりウッメェッ！<n>野菜、クタとしてウッメェッ！<n>ブタ、しっとりウッメェッ！<n>完飲。 https://t.co/k8QWssEdV3,1141,false,908,2015/12/14 21:38:51
,平成27年12月13日日曜日、ラーメン二郎 府中店、大ラーメン ニンニクアブラカラメ 800YEN<n>臨営の府中に行った。<n>麺、グミとした府中ならではの噛み応え愉しむ。<n>汁、ウッメェェッ！増したアブラカラメでウマさ10倍ッ！<n>完飲。 https://t.co/7NtujRLSIj,637,false,594,2015/12/13 20:27:53
,平成27年12月12日土曜日、大島 江戸川区船堀、味噌+ライス 900YEN<n>汁、まろやかで甘い俺好みの味噌味でウンメ〜ッ！シメはライス投入しておじやで喰う。最ッ高に合う〜！<n>完飲。 https://t.co/neDCKvqVDA,610,false,600,2015/12/12 19:23:22
,平成27年12月12日土曜日、ラーメン二郎環七一之江店、汁なし大盛ラーメン+ブタ増し+味付玉子+生卵+生卵 全部1050YEN<n>クニュ麺にゴロとしたブタ大満足<n>混然を貪りゃウンメ〜ッ止まんない<n>神域ィ！玉子加えてズルと喰う<n>完飲。 https://t.co/Buf4ET0WZ3,611,false,498,2015/12/12 18:06:30
,平成27年12月11日金曜日、ラーメン二郎 札幌店、小+TARO+紅葉卸し+生姜+生卵+生卵 ニンニク 1000YEN<n>TARO、なまらウッメェェッ！！<n>辛味と酸味利いた俺好みの汁が、麺に染みてヤサイに絡んで堪らなくウマい！<n>完飲。 https://t.co/OK3edm48ad,732,false,569,2015/12/11 14:11:22
,平成27年12月10日木曜日、ラーメン二郎 札幌店、小+紅葉卸し+生姜+生卵+生卵 ニンニク 900YEN<n>汁、ウンメ〜ッ！味濃くてコクウマな汁。<n>ブタ、ぶ厚くて柔らか、味染みててマイウ〜ッ！生姜乗せて喰うと最ッ高にウマい。<n>完飲。 https://t.co/Vf7q4SBMzN,576,false,475,2015/12/10 21:50:32
,平成27年12月9日水曜日、ラーメン二郎 札幌店、小+紅葉卸し+生卵+生卵 ニンニク 850YEN<n>麺、プルん柔らか味染みてて、なまら俺好みのもの。<n>紅葉卸し、麺に絡めて啜ればピリ辛ウンメ〜ッ！適度に冷めてガツガツ貪れる。<n>完飲。 https://t.co/b9uDU9rxd7,963,false,653,2015/12/09 23:28:46
,平成27年12月8日火曜日、ラーメン二郎 桜台駅前店、小ラーメン+生たまご+生たまごニンニク 800YEN<n>麺、ウッメェェッ！ムッチクニュと食感極めたもの。最ッ高に俺好みのもの。<n>汁、トロンと濃厚、ミルキィでまろやかな汁。<n>完飲。 https://t.co/jqbW4zi8o2,510,false,463,2015/12/08 23:57:28
,平成27年12月7日月曜日、ラーメン二郎 西台駅前店、大ラーメン+味噌+青ネギ+味付うずら+生卵+生卵 ニンニク 1150YEN<n>麺、アッツアツ！<n>汁、ほお、ウマい。味噌感じた後スパイシー。<n>ブタ、生姜乗せて喰うウンメ〜ッ！<n>完飲。 https://t.co/hnibaZSp4h,609,false,570,2015/12/07 23:07:34
,平成27年12月6日日曜日、ラーメン二郎 横浜関内店、大ぶた+ネギ+味つけ玉子ニンニク1020YEN<n>神域ィ！！<n>味染み至高、ザクザク麺。<n>ネギの香味溶け出た甘ウマ汁。<n>フアフアトロトロ柔らかぶた。<n>人智超えたウマさに奮える。完飲。 https://t.co/lIJlDK92mn,1107,false,918,2015/12/06 20:17:03
,平成27年12月5日土曜日、ラーメン二郎 三田本店夜の部、ぶた入り大ラーメン ニンニク750YEN<n>総帥が見守りつつ、助手氏麺上げ。<n>麺、ギッシリと詰まったカタめ食感の麺。<n>汁、決壊した汁がポーチに流れ込むハプニング発生。<n>完飲。 https://t.co/ZXI0i37szF,1111,false,853,2015/12/05 20:03:51
,平成27年12月5日土曜日、ラーメン二郎神田神保町店、小豚+生卵+生卵 ニンニク900YEN<n>麺、ザクザク喰える麺、俺好みの味染み感。液体アブラ絡んでウッメェェッ！<n>汁、ウマ味押し寄せるもの。<n>ブタ、肉喰う幸せ夢中で頬張る。<n>完飲。 https://t.co/4l2CBbirII,659,false,517,2015/12/05 12:15:13
,平成27年12月4日金曜日、ラーメン二郎神田神保町店、小豚+生卵+生卵 ニンニク900YEN<n>麺、やっわらけェェッ！究極に俺好みの神域麺。<n>ブタ、肉の味ウッメェェッ！しっとりしたもの。<n>汁、卓上唐辛子合い過ぎィ！夢中で貪る。<n>完飲。 https://t.co/msFkiXIhq9,568,false,475,2015/12/04 22:20:45
,平成27年12月3日木曜日、ラーメン二郎 仙台店、小豚ラーメン+生卵+生卵 ニンニク 890YEN<n>麺、ムッチプリな踊る食感のもの。<n>汁、ウマ過ぎィ！飲めば飲むほど飲みたくなる永久機関なミルキィ汁！<n>ブタ、脂身甘ブタ好きィ！<n>完飲。 https://t.co/MFKLdP6bxg,846,false,687,2015/12/03 13:48:22
,平成27年12月2日水曜日、ラーメン二郎 仙台店、小ラーメン+生卵+生卵 ニンニク 790YEN<n>麺、柔らかめな仕上がり味染みまくりの俺好み。<n>汁、ウッメェェッ！濃厚な味わいのミルキィ汁。<n>ブタ、脂身甘くてメッチャ俺好み。<n>完飲。 https://t.co/YXgbPEbRVO,688,false,506,2015/12/02 21:45:43
,平成27年12月2日水曜日、ラーメン二郎 仙台店、小豚ラーメン+生卵+生卵 ニンニク 890YEN<n>麺、ムッチプリな食感のもの。<n>汁、甘くてウンメ〜ッ！ミルキィな汁にウマ味利いたもの。<n>ブタ、柔らかくて脂身甘いもの。<n>完飲。 https://t.co/xGdv90yy4g,723,false,561,2015/12/02 13:41:30
,平成27年12月1日火曜日、ラーメン二郎 環七新新代田店、小豚+なまたまご+なまたまご+デスウズラ黄&青+ゴマグラインド 1100YEN<n>デスウズラ黄、チリのウマ味感じるもの。<n>デスウズラ青、刺すような辛味が爽快なもの。<n>完飲。 https://t.co/6VLID77mhJ,669,false,491,2015/12/01 21:55:57
,平成27年11月30日月曜日、ラーメン二郎 西台駅前店、大ラーメン+油そば+白ネギ+味付うずら+生卵+生卵 ニンニク1150YEN<n>油纏った麺、口どけ優しい。<n>塩気利いた汁、玉子溶かしてウマい。<n>味染みたブタ、神域のもの。<n>完飲。 https://t.co/sJBENjoxDB,601,false,510,2015/11/30 23:34:00
,平成27年11月29日日曜日、ラーメン二郎大宮店、大ラーメン+味付ウズラ+味付ウズラ かんずりアブラカラメ 1000YEN<n>麺、今日の麺、メッチャ味染みててウッメェェッ！<n>汁、二郎汁とかんずりの相性バツグン！夢中で飲んだ。<n>完飲。 https://t.co/oPw9PfQFGo,608,false,514,2015/11/29 16:25:37
,平成27年11月28日土曜日、ラーメン二郎 京成大久保店、大ブタ ニンニク 900YEN<n>麺、クニュとした食感の麺ウマ過ぎィ！夢中で貪る。<n>汁、味噌もウマいがノーマルもウッメェェッ！<n>トロンと濃厚、ミルキィで奮える味わい。<n>完飲。 https://t.co/KqVxgvCACA,682,false,507,2015/11/28 18:49:55
,平成27年11月27日金曜日、ラーメン二郎 小岩店、大ラーメン+豚増し券 ニンニク 950YEN<n>麺、ムチとした食感の麺が堪らなく好き。<n>汁、神域ィ！飲む以外の選択肢不要なもの。<n>ブタ、塩気強めな俺好みのブタがゴロっと。<n>完飲。 https://t.co/p9qlpYj5LO,531,false,443,2015/11/27 20:22:32
,平成27年11月26日木曜日、ラーメン二郎 西台駅前店、大ラーメン+油そば+白ネギ+味付うずら+生卵+生卵 ニンニク1150YEN<n>テロンと柔らか西台麺に、油まとって味染みてウッメェェッ！<n>アッツアツをハフハフしながら貪る。<n>完飲。 https://t.co/hwYbFFWZZK,648,false,557,2015/11/26 23:36:21
,平成27年11月25日水曜日、ラーメン二郎新宿小滝橋通り店、大盛ぶた入りラーメン ニンニク 1000YEN<n>麺、ツルとした食感、柔らかく煮込まれた小滝麺。汁染みててウンメ〜ッ！<n>ぶた、歯応えあるミッチリした食感のもの。<n>完飲。 https://t.co/Q2NnlObVZM,484,false,420,2015/11/25 21:38:14
,平成27年11月24日火曜日、ラーメン二郎 京成大久保店、味噌ラーメン ニンニク 800YEN<n>麺、ウッメェェッ！デロンとしてトロけるもの。味噌染みてて最ッ高にウマい。<n>汁、甘んめ〜ッ！味噌と幾つかの香味利いた超俺好みな汁。<n>完飲。 https://t.co/d8oRxsUh7P,675,false,546,2015/11/24 22:45:30
,平成27年11月23日月曜日、ラーメン二郎ひばりヶ丘駅前店、ラーメン ニンニク700YEN<n>麺、柔らかな仕上がり、俺好み。<n>汁、ウンメ〜ッ！メッチャ濃厚、課長と醤油利いたひばり汁。<n>ブタ、ふあっふあでほどける食感、至高ブタ。<n>完飲。 https://t.co/GFcNPO3P3C,675,false,541,2015/11/23 15:23:57
,平成27年11月22日日曜日、ラーメン二郎八王子野猿街道店2、小ラーメン(辛いの)+レジェンド ニンニク少 930YEN<n>麺、辛汁染みててウンメ〜！ザクザク貪る。<n>汁、辛いのウマ過ぎィ！山椒爽やか食欲MAXッ、夢中で飲んだ。<n>完飲。 https://t.co/CcRxlKYNxe,690,false,556,2015/11/22 17:46:41
,平成27年11月21日土曜日、ラーメン二郎神田神保町店、小豚+生卵+生卵 ニンニク900YEN<n>麺、サクとして味染みたもの。<n>汁、ウッメェェッ！肉のウマ味とアブラの甘み利いたもの。卓上唐辛子合い過ぎィ！ピリ辛汁貪り飲んだ。<n>完飲。 https://t.co/qG4PhmNZ6a,471,false,395,2015/11/21 16:47:53
,平成27年11月20日金曜日、ラーメン二郎 三田本店夜の部、ぶたダブル大ラーメン ニンニク850YEN<n>麺、デロと柔らか。<n>汁、醤油バッチリ利いた、スッと身体に沁みる汁。<n>ぶた、柔らかいものゴッロゴロ。肉を頬張る幸せ堪能。<n>完飲。 https://t.co/H5VPgNfQXu,464,false,384,2015/11/20 22:56:21
,平成27年11月19日木曜日、ラーメン二郎上野毛店、大ラーメン+味付玉子+生卵+生卵+缶ウーロン茶 ニンニクアブラカラメ1050YEN<n>麺、ムチとしたもの。<n>汁、一口で完飲確定した。マシたアブラカラメ利いて最ッ高にウマい汁。<n>完飲。 https://t.co/8DenQwOtbM,642,false,519,2015/11/19 22:32:22
,平成27年11月18日水曜日、ラーメン二郎 千住大橋駅前店、大ラーメン+生たまご+生たまご ニンニク 900YEN<n>麺、千住では久々のデロ。デロ麺が丼に詰まってるぅ！<n>興奮で手奮えつつ麺啜る。<n>味メッチャ染みてるぅぅッ！！<n>完飲。 https://t.co/zEnoc5koxx,648,false,563,2015/11/18 21:13:50
,平成27年11月17日火曜日、ラーメン二郎 西台駅前店、大ラーメン+油そば+白ネギ+味付うずら+生卵+生卵 ニンニク1150YEN<n>天地してタレ絡んだ麺啜る。ウンメ〜ッ！塩気利いたタレに玉子落としてウマさ極まり思わず飲んだ。<n>完飲。 https://t.co/cW296HYu8m,582,false,513,2015/11/17 22:35:50
,平成27年11月16日月曜日、ラーメン二郎 三田本店夜の部、ぶた入り大ラーメン ニンニク750YEN<n>麺、あらゆるデロの中でも至上のデロ。究極の食感、味染みた麺をズルと吸い込む。<n>ウッメェェッ！！丼カラになるまで貪り続けた。<n>完飲。 https://t.co/DDSPHIWp48,677,false,522,2015/11/16 22:35:30
,平成27年11月15日日曜日、ラーメン二郎新小金井街道店、小ラーメン+ウズラ+かつお魚粉 ニンニク 930YEN<n>味玉売り切れ！無念ッ！<n>麺、ウンメ〜ッ！ムチとした俺好みの柔らかさ。<n>汁、液体アブラと魚粉が合わさり夢中味。<n>完飲。 https://t.co/qRXRjxxPtA,591,false,459,2015/11/15 17:20:03
,平成27年11月14日土曜日、ラーメン二郎 赤羽店．大豚ラーメン ニンニク 900YEN<n>麺、ウマ過ぎィ！！クニュプリとしたパネェ麺。<n>汁、ウッメェェッ！甘みとコクのパネェ汁。<n>ブタ、ホロとしてしっとり柔らかパネェブタ。<n>完飲。 https://t.co/eH35kvn14a,782,false,604,2015/11/14 20:11:04
,平成27年11月13日金曜日、ラーメン二郎 京成大久保店、味噌ラーメン ニンニク 800YEN<n>麺、クニュとしてウッメェェッ！！<n>汁、コレ好きィッ！！甘くてまろやかヤサイにメッチャ合う！<n>ブタ、濃い味染みててたまんね〜ッ！<n>完飲。 https://t.co/xJZaohwR2d,727,false,578,2015/11/13 17:50:25
,平成27年11月12日木曜日、ラーメン二郎 JR西口蒲田店、大ブタ ニンニクトウガラシ 930YEN<n>麺、モソとした食感、俺好み。<n>汁、ふとした瞬間、鶴見の面影感じるもの。塩気利いてウンメ〜。<n>ブタ、脂身甘い柔らかブタ。<n>完飲。 https://t.co/gXMQQVMBeP,501,false,395,2015/11/12 23:25:12
,平成27年11月11日水曜日、ラーメン二郎 桜台駅前店、小ラーメン+生たまご+生たまごニンニク 800YEN<n>麺、ムチとして汁染みたもの。<n>汁、ウンメェェッ！思わず声出そうになった。ミルキィでまろやか、醤油加減極めた神域汁。<n>完飲。 https://t.co/MBvlGZMmEu,529,false,442,2015/11/11 23:47:13
,平成27年11月10日火曜日、ラーメン二郎 赤羽店．大ラーメン ニンニク 800YEN<n>麺、クニュッ！プルンッ！考え得る最ッ高の食感、奮え無しには啜れない、神域のもの。<n>汁、甘みと醤油利いたコクウマ汁。<n>ブタ、ほぐれるもの。<n>完飲。 https://t.co/Avx27h2Qhp,580,false,456,2015/11/10 20:59:12
,平成27年11月9日月曜日、ラーメン二郎 西台駅前店、小ラーメン+青ネギ+味付うずら+生卵+生卵 ニンニク1000YEN<n>汁、ウンメ〜ッ。肉のウマ味良く出たもの。<n>青ネギ散らして玉子落とせば、至高汁。<n>ウ、ウマ過ぎィ！<n>完飲。 https://t.co/u1r20gbSkm,598,false,463,2015/11/09 22:33:13
,平成27年11月9日月曜日、ラーメン二郎 新潟店、ラーメン小ぶた入り ニンニク 850YEN<n>麺、ムチムチ麺に味染みててウンメ〜ッ！<n>汁、ミルキィで醤油利いたもの。<n>ぶた、どっさり。頬張ると肉のウマ味を感じるもの。<n>完飲。 https://t.co/0FT49ZN4y7,941,false,651,2015/11/09 18:38:48
,平成27年11月8日日曜日、杭州飯店 新潟県燕市、チャーシュー麺+ネギ増し 1050YEN<n>麺、デロとしてウッメェェッ！<n>汁、煮干し強めに利いててメッチャ食欲湧く、チャッチャ脂甘んめ〜！<n>汁に浸ったタマネギウンメ〜。<n>完飲。 https://t.co/Ak2cJJa5xG,681,false,538,2015/11/09 03:59:04
,平成27年11月8日日曜日、青島食堂 司菜 南万代店、青島チャーシュー麺+ メンマ50円増し+ネギ50円増し 920YEN<n>薄造りなチャーシューがどっさり。脂トロけてウマ〜。<n>濃いめな醤油味に生姜の風味感じて俺好みっ！<n>完飲。 https://t.co/92G9zmnVVy,528,false,394,2015/11/09 03:50:40
,平成27年11月8日日曜日、ラーメン二郎 新潟店、ラーメン小 ニンニク 700YEN<n>祝ッ！新潟に二郎降臨すッ！<n>麺、ムチとして俺好みのもの。<n>汁、ニンニク溶けてウマいミルキィ汁。<n>ブタ、大ぶりなもの。<n>ヤサイ、ホックホク。<n>完飲。 https://t.co/XX4UGbD7vp,1412,false,970,2015/11/09 03:44:43
,平成27年11月7日土曜日、ラーメン二郎 三田本店、ぶた入り大ラーメン ニンニク 750YEN<n>ブタ、味メッチャ染みた端ブタゴロンッ！脂身トロンッ！肉ホロッ！ウッメェェェッ！！<n>ブタ増しの判断下した俺を褒めてあげたいもの。<n>完飲。 https://t.co/cjjIy0fTJv,673,false,558,2015/11/07 15:03:30
,平成27年11月6日金曜日、ラーメン二郎 歌舞伎町店、普通盛+煮玉子ヤサイニンニク800YEN<n>麺、適度に柔らかツルとした舌触り、よく味染みたもの。<n>汁、ウッメェェッ！<n>ミルキィで俺好みの醤油加減、モヤシに超絶合う歌舞伎汁。<n>完飲。 https://t.co/197vqogj9E,539,false,423,2015/11/06 23:09:56
,平成27年11月5日木曜日、ラーメン二郎 三田本店夜の部、ぶた入り大ラーメン ニンニク 750YEN<n>麺、デロとしたもの。味染みてて極めて俺好みなもの。<n>ブタ、脂身プルンッ！<n>汁、ウッメェェェッ！肉のウマ味爆発してるもの。<n>完飲。 https://t.co/lb1wRlJFVZ,528,false,389,2015/11/05 23:40:31
,平成27年11月4日水曜日、ラーメン二郎 品川店、小ブタ+煮玉子+煮玉子 ニンニク 1000YEN<n>麺、ムッチとしてザクッと喰えるもの。<n>ブタ、味メッチャ染みたもの。<n>汁、安定のウマさ。<n>煮玉子、黄身が汁に溶けてウンメ〜！<n>完飲。 https://t.co/te1EtZql0S,350,false,323,2015/11/04 23:09:06
,平成27年11月3日火曜日、ラーメン二郎新小金井街道店、小ラーメン+辛いの+ウズラ+味玉+味玉 ニンニク少 980YEN<n>味玉お値打ち50YEN、思わず2個購入！<n>辛いの、ウッメェェッ！唐辛子のウマ味が食欲マシマシするもの。<n>完飲。 https://t.co/kSCrKvHs4N,468,false,416,2015/11/03 17:15:02
,平成27年11月2日月曜日、ラーメン二郎 西台駅前店、とりそば(塩)+味付うずら+白ネギ+生卵+生卵 900YEN<n>平日昼限定とりそばの塩を頂く。<n>滋味溢れる味わい。海苔がメッチャ合う。<n>とりチャーシュー最ッ高にウンメ〜ッ！<n>完飲。 https://t.co/OBkBLAjqHx,418,false,364,2015/11/02 21:07:34
,平成27年11月1日日曜日、ラーメン二郎 横浜関内店、大ぶた+味つけ玉子 ニンニク920YEN<n>麺、パツとして味染みたザクザク喰えるもの。<n>汁、甘み利いた思わず飲んでしまう汁。<n>ぶた、ウンメ〜！メッチャ柔らか脂身甘〜いぶた。<n>完飲。 https://t.co/Gvrfgvjlqx,525,false,434,2015/11/01 23:07:32
,平成27年10月31日土曜日、ラーメン二郎 亀戸店、ラーメン+汁なし+味玉+生卵+生卵 ニンニクアブラ990YEN<n>濃いめなタレに、増したアブラの甘み加わり、ウッメェッ！<n>タレと具と玉子ニンニク混然汁、<n>ウマいウマいと貪り完飲。 https://t.co/zJ0ZhQuwgK,416,false,378,2015/10/31 23:36:05
,平成27年10月31日土曜日、ラーメン二郎神田神保町店、ラーメン+生卵+生卵 ニンニク800YEN<n>面前でブタ売り切れ。思わず号泣。<n>麺、ザクザク喰える麺。汁染み感極まりウンメ〜。<n>汁、卓上唐辛子メッチャ合う。ウマさ爆発ッ！<n>完飲。 https://t.co/WEMpAbVlp1,660,false,454,2015/10/31 16:08:23
,平成27年10月30日金曜日、ラーメン二郎 亀戸店、ラーメン+味玉+生卵+生卵 ニンニクアブラ890YEN<n>亀汁にアブラ増したらPAPP汁。<n>メッチャ甘んめ〜恍惚の汁。<n>亀汁に玉子溶かせば玉子汁。<n>メッチャウンメ〜神域の汁。<n>完飲。 https://t.co/dMizAuIufs,585,false,474,2015/10/30 23:56:39
,平成27年10月29日木曜日、ラーメン二郎 三田本店夜の部、ぶた入り大ラーメン ニンニク 750YEN<n>麺、ウッメェェッ！汁染みまくりのデッロデロ。<n>口に含めば、ふあとほどけるメルティ麺。<n>ヤサイ、ブタと一緒に頬張る。幸せ！<n>完飲。 https://t.co/6uRDgzoIOZ,463,false,390,2015/10/29 22:32:08
,平成27年10月28日水曜日、ラーメン二郎 三田本店夜の部、ぶた入り大ラーメン ニンニク 750YEN<n>ブタプリリ、デロデロな麺、クタヤサイ。<n>麺、ブタ、ヤサイ、汁、温度。すべて俺好み。感動で丼持つ手、奮え出す。<n>完飲。 https://t.co/yjMoSChJck,727,false,533,2015/10/28 23:32:43
,平成27年10月27日火曜日、ラーメン二郎 仙川店、ラーメン ニンニクアブラカラメ 700YEN<n>大ぶりなブタ、食いごたえあり。<n>アブラの甘みと醤油利いたアツアツ汁、一味天空落として啜る。うん、ウマい！<n>俺好みの醤油味。<n>完飲。 https://t.co/GpwJQpUvZv,490,false,424,2015/10/27 22:16:41
,平成27年10月26日月曜日、ラーメン二郎 三田本店夜の部、ぶた入り大ラーメン ニンニク 750YEN<n>ブタ、プリップリの食感、究極ブタ。<n>麺、デッロデロ、口溶け優しい至高麺。<n>汁、ウッメェと思わず叫ぶ神域汁。<n>完飲。 https://t.co/4C9l7G5VW2,508,false,428,2015/10/26 21:59:30
,平成27年10月25日日曜日、ラーメン二郎 環七新新代田店、小豚+なまたまご+なまたまご+うずら+うずら+チャンポン 1150YEN<n>チャンポンは練り物とヤサイ、コーンが入ったチャンポン風味の和え物。麺のお供にGOODッ！<n>完飲。 https://t.co/YmZK0kR0Ei,381,false,330,2015/10/25 18:52:52
,平成27年10月24日土曜日、ラーメン二郎大宮店、大ラーメン+味付ウズラ+味付ウズラ ニンニク生姜 1000YEN<n>麺、モチモチツルツル味染みててウンメ〜ッ！<n>汁、醤油利いたウマ味良く出たもの。<n>ウズラ、塩気強くてウマし。<n>完飲。 https://t.co/d3aHZxS8gJ,491,false,432,2015/10/24 17:39:36
,平成27年10月23日金曜日、ラーメン二郎八王子野猿街道店2、アブラ三昧+レジェンド ニンニク少1230YEN<n>アブラの甘み利いたまろやか汁ウンメ〜ッ！<n>アブラかけごはん、炙ったプルプルアブラたまんね〜っ！玉子メッチャ合う！<n>完飲。 https://t.co/5a5LQltAEB,669,false,469,2015/10/23 20:29:26
,平成27年10月22日木曜日、ラーメン二郎 亀戸店、ラーメン+汁なし+味玉+生卵+生卵990YEN<n>タレと具材絡んだクニュ麺ウンメ〜ッ！<n>それだけでも至高なのに生卵加えたら、、、ヤバいでしょ！<n>ズルと啜って奮え1000倍ッ！<n>完飲。 https://t.co/ijpsyWdxQg,665,false,554,2015/10/22 23:06:25
,平成27年10月21日水曜日、ラーメン二郎 桜台駅前店、小ラーメン+生たまご+生たまごニンニク 800YEN<n>汁ウンメ〜ッ！ミルキィでまろやかな汁、喉越しヨシ！醤油の塩梅俺好みッ！<n>シメは玉子落として生玉子スープ。神でしょ！<n>完飲。 https://t.co/89p4349ZD7,475,false,427,2015/10/21 22:33:04
,平成27年10月20日火曜日、ラーメン二郎 横浜関内店、大ぶた+味つけ玉子 ニンニク 920YEN<n>麺、ウンメ〜！汁染みてザクザク喰えるもの。<n>汁、ウマ味と甘みの夢中汁。奮えて啜る。<n>ぶた、ふあと柔らか神域ぶた。<n>完飲。 https://t.co/nNcrEnW4cG,632,false,531,2015/10/20 19:49:10
,平成27年10月19日月曜日、ラーメン二郎 三田本店夜の部、ぶた入り大ラーメン ニンニク 750YEN<n>ひと啜りした瞬間、ウマ味全身巡る汁。<n>絶妙な温さで、本能のまま貪り喰える。<n>味が染み込みまくった麺、プリップリッなブタ。<n>完飲。 http://t.co/5a3lEfAdau,499,false,418,2015/10/19 23:57:48
,平成27年10月18日日曜日、ラーメン二郎中山駅前店、大ラーメン+ニンニクアブラカラメ790YEN<n>麺、柔らかい仕上がりの麺が丼にギッシリ。喰い応え充分。<n>汁、アブラカラメ利いて、俺好みなもの。<n>ブタ、脂身トロンと甘いもの。<n>完飲。 http://t.co/wv7ya2rSb6,445,false,360,2015/10/18 16:22:57
,平成27年10月17日土曜日、ラーメン二郎 環七新新代田店、小+なまたまご+なまたまご+うずら(石狩鍋味)+うずら(石狩鍋味) 900YEN<n>麺、プルンッ食感なもの。<n>汁、ショッパウマで玉子が超合う！<n>ブタ、塩気が超俺好み。<n>完飲。 http://t.co/xthjmprv2C,334,false,300,2015/10/17 17:50:57
,平成27年10月16日金曜日、ラーメン二郎 西台駅前店、小ラーメン+油そば+白ネギ+味付うずら+生卵+生卵 ニンニク1100YEN<n>アッツアツな麺に味染みてウマし。<n>神豚ゴッロゴロ。タレと豚、塩気の相乗効果成立、ウマさ百倍。<n>完飲。 http://t.co/YA8YahozpB,408,false,368,2015/10/16 23:15:59
,平成27年10月16日金曜日、ラーメン二郎 会津若松駅前店、小ラーメン豚入り+生たまご+生たまご ニンニク 900YEN<n>麺、柔らかめでムッチリウマい。<n>ブタ、脂身甘くてウマい。<n>汁、肉の味わい良く出た汁に醤油利いてウマい。<n>完飲。 http://t.co/szGCbwyNHG,461,false,353,2015/10/16 13:32:10
,平成27年10月15日木曜日、ラーメン二郎 亀戸店、大盛りラーメン+味玉+生卵+生卵 990YEN<n>麺、汁染みてクニュとした麺俺好み。<n>汁、甘ウマな汁に玉子がメッチャ合う。<n>ブタ、柔らかで大ぶりなブタホッロホロ。<n>完飲。 http://t.co/gd1pGhFnsm,443,false,373,2015/10/15 23:11:21
,平成27年10月14日水曜日、ラーメン二郎 千住大橋駅前店、大ラーメン+生たまご+生たまご ニンニク 900YEN<n>麺、ウッメェェェッ！！！この柔らかさ、この汁染み感、この液体アブラ纏い感、神域ィ！！たまご絡めて超神域ィ！！<n>完飲。 http://t.co/nRyECgxpIC,842,false,596,2015/10/14 22:56:23
,平成27年10月13日火曜日、ラーメン二郎 小岩店、大豚入り ニンニク少 950YEN<n>麺、ウッメェェェッ！ムチとして汁染みた完璧なもの。<n>汁、神などと軽々しく言いたくないのだが、神汁。人智超えたウマ味。導かれるまま飲む。<n>完飲。 http://t.co/3M3nfmZrjA,1164,false,903,2015/10/13 15:19:03
,平成27年10月12日月曜日、ラーメン二郎 池袋東口店、ラーメン+味玉子ニンニク 800YEN<n>麺、柔らかな仕上がり俺好み。<n>汁、いささか淡く感じるもの。<n>ブタ、チョイ硬め汁に浸して無問題。<n>味玉子、プルんとした食感のもの。<n>完飲。 http://t.co/KhyTIgVBYa,481,false,361,2015/10/12 15:50:44
,平成27年10月11日日曜日、ラーメン二郎 松戸駅前店、ラーメン ニンニク 700YEN<n>ムッチとした麺が丼にギッシリ。醤油味メッチャ染みてウンメ〜！<n>ブタ、閉店時間近かった為か、豪快にドッサリ。色んな部位を楽しめた。<n>完飲。 http://t.co/yDIBKwA1Rb,492,false,373,2015/10/11 17:34:30
,平成27年10月10日土曜日、ラーメン二郎神田神保町店、大+生卵+生卵 ニンニク 850YEN<n>麺、味染みた麺が奮えるほどウマい。<n>汁、ウマ味ヤッベーッ！一口飲んで完飲確定、興奮汁。<n>ブタ、やわらかで肉のウマ味タップリ。<n>完飲。 http://t.co/Fc6YBU1rBy,487,false,387,2015/10/10 20:11:38
,平成27年10月9日金曜日、ラーメン二郎目黒店、小ラーメン豚入り ニンニク 600YEN<n>ムチモソ麺、液体アブラ纏ってウンメ〜。<n>ゴロっと大ぶりのブタ、夢中で頰張る。<n>ニンニク、ギリとカラい。汁に溶かして鮮烈汁が後引くウマさ。完飲。 http://t.co/YViEIcacDN,407,false,329,2015/10/10 00:34:38
,平成27年10月8日木曜日、ラーメン二郎 亀戸店、ラーメン+味玉+生卵+生卵 890YEN<n>おお！？コレコレ！亀ウンメ〜〜ッ！！<n>クニュ麺、柔らかく仕上がってて最ッ高に俺好み。卓上調味料試すの忘れて夢中で貪った。<n>完飲。 http://t.co/bdlYTuwSS9,525,false,440,2015/10/08 21:31:43
,平成27年10月8日木曜日、煮干中華ソバイチカワ、アレ(醤油)+味玉+和え玉 1100YEN<n>一口で、奮えMAX、至高汁。<n>汁絡み、歯切れ楽しい、パッツ麺。<n>天に乞う、和え玉10杯、喰う権利。<n>完飲。 http://t.co/jYMomsQT4e,927,false,779,2015/10/08 12:42:12
,平成27年10月7日水曜日、ラーメン二郎 茨城守谷店、大ラーメン+うずらの卵+生卵+生卵 ニンニク1000YEN<n>味染みた麺、喰い出したら夢中。奮え止まらない。<n>端ブタウンメ〜！脂身ネットリトロントロン。<n>コクうま汁、神の汁。完飲。 http://t.co/unRhauBtEx,467,false,412,2015/10/07 22:59:19
,平成27年10月6日火曜日、ラーメン二郎 品川店、大+煮玉子+煮玉子 ニンニク 1000YEN<n>麺、ザックザク、味しみ感が俺好み。<n>汁、ウマ味利いた安定汁。最ッ高にウマい。<n>ブタ、味しみててウンメ〜。<n>煮玉子、汁のお供にヨシ。完飲。 http://t.co/ajOu8e4IgZ,348,false,336,2015/10/06 23:26:38
,平成27年10月5日月曜日、ラーメン二郎 亀戸店、ラーメン+味玉+生卵+生卵 890YEN<n>今日の亀、神域ィ！！！<n>クニュ麺ヤバすぎ、亀汁ウマ過ぎ、ブタプリップリぃ！<n>俺の理想二郎のひとつ降臨してた。<n>感激で奮えとまんない。完飲ッ！ http://t.co/N1yGGbYWZA,872,false,715,2015/10/05 22:20:02
,平成27年10月4日日曜日、ラーメン二郎新小金井街道店、小ラーメン+うずら+かつお魚粉 ニンニク 930YEN<n>麺、俺好みの柔らかさ。汁染み感もヨシ。<n>汁、小金井の優しい味わいの汁に、魚粉利いてウンメ〜！思わず貪り飲んだ。<n>完飲。 http://t.co/2ZFlpLW91v,394,false,324,2015/10/04 17:29:46
,平成27年10月3日土曜日、ラーメン二郎八王子野猿街道店2、たまご三昧つけ麺 ニンニク少 1330YEN<n>たまご三昧は、たまごかけつけ麺+生玉子メニュー揃い踏みの豪華セット。<n>麺丼に脂たまご加えて二郎風釜玉。最ッ高にウマい。<n>完飲。 http://t.co/tUQuj8qYE8,925,false,634,2015/10/03 21:58:39
,平成27年10月2日金曜日、ラーメン二郎八王子野猿街道店2、たまごかけつけ麺+レジェンド ニンニク少 1130YEN<n>釜玉風の麺、そのまま啜ってウマし。<n>醤油利いたタレに麺浸してウンメ〜。<n>玉子溶かして生玉子汁ウッメェェッ！！<n>完飲。 http://t.co/YRwk6MitnY,579,false,430,2015/10/02 23:51:15
,平成27年10月1日木曜日、ラーメン二郎 西台駅前店、大ラーメン+油そば+青ネギ+味付うずら+生卵+生卵 ニンニク 1150YEN<n>クンクン、この匂い、油そばっ！思わず入店。塩気のバランス極めた汁、最ッ高にウンメェェェッ！！！<n>完飲。 http://t.co/WVvfelwLzj,628,false,475,2015/10/01 22:48:19
,平成27年9月30日水曜日、ラーメン二郎 桜台駅前店、小ラーメン+生たまご+生たまごニンニク 800YEN<n>麺、この麺、至高過ぎぃ！クニュ食感に、汁染みた神域のもの。<n>ブタ、脂身プリップリ。<n>汁、ミルキィでコクありウッメェッ！<n>完飲。 http://t.co/GZ3XyB203n,762,false,523,2015/09/30 22:46:56
,平成27年9月27日日曜日、ラーメン二郎大宮店、大ラーメン+味付ウズラ+味付ウズラ ニンニク 900YEN<n>卓上醤油回しかけて喰うと、塩気利いてウマし。<n>味付ウズラ、味染みてて俺好み。<n>完飲。 http://t.co/35TcIDGp9x,387,false,297,2015/09/27 15:50:58
,平成27年9月26日土曜日、ラーメン二郎目黒店、小ラーメンW豚入り ニンニク 700YEN<n>ほぐれる食感のブタ、強めに利いた塩気に夢中。<n>液体アブラ纏った麺、汁染み具合俺好み。<n>醤油利いた汁、ニンニク溶けて奮えるウマさ。<n>完飲。 http://t.co/8JfjG27W8T,385,false,309,2015/09/27 01:10:11
,平成27年9月26日土曜日、ラーメン二郎神田神保町店、小豚+生卵+生卵 ニンニク900YEN<n>麺、ちょいパツな仕上がりに汁メッチャ染みててウマし。<n>汁、ミルキィでウマ味極まる夢中汁。<n>豚、ウンメッ〜。肉喰った感マシマシなもの。<n>完飲。 http://t.co/PboNnW6SEG,428,false,323,2015/09/26 20:34:16
,平成27年9月25日金曜日、ラーメン二郎ひばりヶ丘駅前店、ラーメン ニンニク 700YEN<n>麺、パツ食感に汁染みたもの。<n>汁、濃厚トロットロな汁に醤油バッチリ利いたひばり味。<n>ブタ、やっわらけ〜！摘んだだけでホロと崩れるもの。<n>完飲。 http://t.co/DLHzq5osm5,427,false,349,2015/09/25 19:19:33
,平成27年9月24日木曜日、ラーメン二郎 三田本店夜の部、ぶた入り大ラーメン ニンニク 750YEN<n>麺、神域のデッロデロ。汁染み極まり、奮えて啜る。<n>ブタ、肉のウマ味爆発ッ！夢中で頬張った。<n>汁、ウンメ〜！<n>感涙、完飲、ごっそさん。 http://t.co/4BGypVMUli,494,false,407,2015/09/24 22:13:24
,平成27年9月23日水曜日、ラーメン二郎 亀戸店、ラーメン+味玉+生卵+生卵 890YEN<n>リニューアルした亀戸店に行った。<n>到着時外に20ぐらいの並びだった。<n>麺、クニュとして俺好みのもの。<n>汁、甘み感じる優しい味わいの汁。<n>完飲。 http://t.co/uaNUQY7hSU,324,false,288,2015/09/23 14:09:25
,平成27年9月22日火曜日、ラーメン二郎神田神保町店、小豚+生卵+生卵ニンニク900YEN<n>汁、醤油キリと利いた、飲んでヨシ！玉子溶かしてヨシ！な、至高汁。<n>麺、柔らかめで汁染みた、俺好みなもの。<n>豚、ふあトロでウンメ〜。<n>完飲。 http://t.co/zsUsQAE7mQ,353,false,307,2015/09/22 17:11:38
,平成27年9月21日月曜日、ラーメン二郎環七一之江店、汁なし大盛ラーメン+ブタ増し+味付玉子+生卵+生卵 全部1050YEN<n>よく混ぜて渾然具材絡んだ麺啜る。ああウマいウマすぎる。玉子加えりゃウマさ十万石。もとい百万石ッ！！<n>完飲。 http://t.co/pLApwmZbFI,385,false,333,2015/09/21 16:31:46
,平成27年9月20日日曜日、ラーメン二郎目黒店、小ラーメン豚入り ニンニク 600YEN<n>ムッチモソな麺とプルんと甘い脂身のブタを夢中で掻き込み、<n>塩気とウマ味利いた汁で流し込む。<n>ウンメ〜ッ！！最ッ高でしょ！<n>奮え抑えながら完飲。 http://t.co/oLVABxTJWd,408,false,327,2015/09/20 23:36:37
,平成27年9月19日土曜日、ラーメン二郎八王子野猿街道店2、SGG髑髏+レジェンド ニンニク少1030YEN<n>よく見たら双子玉子だ吉兆か。<n>髑髏汁染みた麺、超堪んない！<n>玉子落としてズル喰う。神域ィ！！<n>興奮で何も言えね〜！<n>完飲ッ。 http://t.co/XhPbs1HvXU,574,false,448,2015/09/19 19:24:16
,平成27年9月18日金曜日、ラーメン二郎新橋店、ラーメン+味玉子+生とじ玉子 ニンニク 900YEN<n>柔らかめをお願いした。<n>麺、コレ好きィ！ツルンッ！モチッ！として汁メッチャ染みたもの。<n>汁、コクすんげ〜ッ！たまらず飲んだ。<n>完飲。 http://t.co/B3AhdOAiyC,404,false,327,2015/09/18 21:58:02
,平成27年9月17日木曜日、ラーメン二郎 西台駅前店、大ラーメン+青ネギ+味付うずら+生卵+生卵 1050YEN<n>寒っみぃ〜。つけ止めて思わずラーメン発注す。<n>天地返して、ネギと一味を天空落とせば、ウマさに体もあったまる。<n>完飲。 http://t.co/c2aL8ridWr,342,false,299,2015/09/17 22:58:32
,平成27年9月16日水曜日、ラーメン二郎八王子野猿街道店2、SGG髑髏+レジェンド ニンニク少1030YEN<n>天地返すと醤油とフライドガーリックの香ばしさが堪らない。喰う前から完飲確定した。奮えるウマさ。玉子との相性、神域ぃッ！完飲。 http://t.co/1agHcw5Gva,653,false,523,2015/09/16 19:50:21
,平成27年9月15日火曜日、麺屋はなび弥富店、鶏塩台湾まぜそば+大盛+味玉+炙りチャーシュー入りたまごかけごはん 1480YEN<n>よくまぜて、具材タップリ絡んだ麺啜る。こりゃウンメ〜ッ！鶏塩ミンチに卵黄合わさり興奮のテイスト。<n>完食。 http://t.co/K88UaeUejX,550,false,426,2015/09/15 20:54:58
,平成27年9月14日月曜日、ラーメン二郎目黒店、大ラーメン豚入り ニンニク 700YEN<n>麺、いつもより柔らかめな仕上がり。プルンと踊る食感楽しめるもの。<n>汁、塩気マイルドなもの。<n>ブタ、適度にパサって、汁吸って、GOOD。<n>完飲。 http://t.co/0GKbS8lndR,323,false,280,2015/09/14 23:01:47
,平成27年9月13日日曜日、ラーメン二郎 松戸駅前店、大ラーメン ニンニク 800YEN<n>麺、ムッチムチな麺に汁染みまくっててマイウー。<n>ブタ、ほぐれるような食感のものがゴッロゴロ。<n>汁、ウマ味よく出て醤油利いた塩気汁。<n>完飲。 http://t.co/1CtvkIIZSC,324,false,287,2015/09/13 16:14:54
,平成27年9月12日土曜日、ラーメン二郎八王子野猿街道店2、小ラーメン+レジェンド+きまぐれたまご ニンニク少 1030YEN<n>麺、醤油染みたもの。玉子絡めてウッメェ！<n>汁、旨味濃厚、塩気ガツンと利いた汁。玉子落としてウッメェ！完飲。 http://t.co/m9F5HAopDu,537,false,387,2015/09/12 15:40:09
,平成27年9月11日金曜日、ラーメン二郎 三田本店夜の部、ぶた入り大ラーメン ニンニクカラメ 750YEN<n>ブタ増し、最ッ高の選択。プリップリの脂身。キメの細かい肉質の柔らかブタっ。噛みしめるとジューシィッ！超ウッメェェェッ！！完飲。 http://t.co/RTucFYNqr5,454,false,377,2015/09/11 20:46:18
,平成27年9月10日木曜日、ラーメン二郎 三田本店夜の部、大ラーメン ニンニク650YEN<n>天地返して麺啜る。ウッメェェェェッ！！！極めてデッロデロ、ほどける口溶け、メッチャ俺好み。汁もろとも、夢中で吸い込んだ。<n>完飲。 http://t.co/jXgNPeLTfv,348,false,290,2015/09/10 21:42:56
,平成27年9月9日水曜日、ラーメン二郎 千住大橋駅前店、大ラーメン+生たまご+生たまご ニンニク 900YEN<n>天地返して麺啜る。ウッメェェェッ！！この麺、神話級ッ！語り継がれるべき味染み感。神と戯れてたら丼カラになってた。完飲。 http://t.co/2LxDThUSv9,1081,false,802,2015/09/09 23:10:51
,平成27年9月8日火曜日、ラーメン二郎 三田本店夜の部、大ラーメン ニンニク650YEN<n>麺、極めて柔らか、汁染みまくってて、ウンメ〜ッ！<n>汁、一口啜った瞬間、完飲が約束されるもの。<n>ブタ、肉のウマ味堪能できるプリリとしたもの。完飲。 http://t.co/NSN8JdnhGX,422,false,333,2015/09/08 21:57:28
,平成27年9月7日月曜日、ラーメン二郎ひばりヶ丘駅前店、ラーメン ニンニク 700YEN<n>麺、トロンと柔らか、俺好みな口溶けのもの。<n>ブタ、プルンと甘〜い脂身に夢中。<n>汁、タプンとコラーゲン感じる、醤油利いたひばり汁。<n>完飲。 http://t.co/7WoLR4SKXq,311,false,294,2015/09/07 22:11:17
,平成27年9月6日日曜日、ラーメン二郎 環七新新代田店、小+つけ麺+なまたまご+なまたまご+なま辛〜ず+ニンニク漬け 960YEN<n>タレに浮いたプカアブラ、麺と共に頬張ると、プルンとトロけて、甘み広がる。ウンメ〜。完飲。 http://t.co/gTCc6iDDe7,235,false,211,2015/09/06 17:26:40
,平成27年9月5日土曜日、ラーメン二郎八王子野猿街道店2、小ラーメン(辛いの)+レジェンド+きまぐれたまご ニンニク少 1030YEN<n>麺に辛味絡んで辛ウンメ〜ッ！仕舞い、汁に玉子落として辛玉汁。ズルと啜れば、も〜タマらんッ。完飲ッ！ http://t.co/SUI8h9AdxL,385,false,360,2015/09/05 16:11:12
,平成27年9月4日金曜日、ラーメン二郎 JR西口蒲田店、大ブタ ニンニクカラメトウガラシ 930YEN<n>ブタ、脂身あんめ〜。<n>麺、メッチャ柔らかくて、味染みたもの。俺好みのもの。<n>汁、カラメにしたら醤油利いて味わい深いもの。完飲。 http://t.co/L9DawtvVkv,231,false,207,2015/09/04 21:44:39
,平成27年9月3日木曜日、ラーメン二郎環七一之江店、汁なし大盛ラーメン+ブタ増し+味付玉子+生卵+生卵 全部1050YEN<n>天地返して喰う、ウンメ〜ッ。<n>よく混ぜて喰う、超ッウンメ〜ッ。<n>玉子落として喰う、神域ぃ！！！<n>完飲。 http://t.co/t1hM8vwn0m,625,false,469,2015/09/03 21:09:13
,平成27年9月2日水曜日、ラーメン二郎 品川店、大+煮玉子+煮玉子 ニンニク 1000YEN<n>天地返して麺啜る。ニンニク絡んでウマさ極まる。<n>煮玉子の、パサとした黄身、汁に溶け、奮えるウマさ、思わず完飲。 http://t.co/k6ACkBZdPn,321,false,295,2015/09/02 22:57:00
,平成27年9月1日火曜日、ラーメン二郎 西台駅前店、大ラーメン+味噌つけ麺+青ネギ+味付うずら+生卵+生卵 1200YEN<n>味噌タレは、味噌ラーメン3.3を感じるスパイシーなテイスト。後乗せの辛味噌溶かせば刺激的な味わいになる。完飲。 http://t.co/UYhl1HvTu9,252,false,222,2015/09/01 21:24:02
,平成27年9月1日火曜日、ラーメン二郎 三田本店、大ラーメン ニンニク 650YEN<n>汁、圧倒的なウマ味、受容体の許容値オーバー。感激で奮え止まらない。夢見心地で啜ってたら丼がカラになってた。<n>完飲。 http://t.co/LsctSOxasM,629,false,541,2015/09/01 12:55:09
,平成27年8月31日月曜日、ラーメン二郎 京急川崎店、大ラーメン ニンニク 830YEN<n>胃が不調、癒してやろう、川崎で。<n>柔らかな、麺吸い込んで、消化良し。<n>ウマかった、胃も喜んで、ゲフと鳴く。<n>完飲。 http://t.co/v8bvXlb6Uu,788,false,622,2015/08/31 22:47:29
,平成27年8月30日日曜日、ラーメン二郎 環七新新代田店、小豚ダブル+キツツキ汁なし+なまたまご+なまたまご+玉ねぎ ニンニクアブラ 1250YEN<n>この店で汁なし喰うのは先代以来。思わず感動。玉子との相性バツグン、ズルと喰って完食。 http://t.co/5JkfqRXCJZ,252,false,227,2015/08/30 18:34:09
,平成27年8月29日土曜日、ラーメン二郎 府中店、ブタ入り大ラーメン ニンニクアブラカラメ 950YEN<n>麺、噛み応えすんごいもの。<n>汁、ウンメ〜っ！溢れるウマ味に増したアブラカラメ利いて最ッ高な汁。<n>ブタ、ホロと崩れるもの。<n>完飲。 http://t.co/nO40Z5kkMG,343,false,271,2015/08/29 21:18:15
,平成27年8月28日金曜日、ラーメン二郎 歌舞伎町店、普通盛+煮玉子 ニンニク少アブラ800YEN http://t.co/GcuyPaVCti,960,false,545,2015/08/29 04:56:19
,平成27年8月27日木曜日、ラーメン二郎 環七新新代田店、小豚+キツツキつけ麺+なまたまご+なまたまご+ニンニクのFZづけ ニンニク少 1060YEN<n>キツツキは、醤油と甘み感じるタレに一味？と黒胡椒散らしたもの。ウンメ〜。<n>完飲。 http://t.co/U7V4b3WCe1,232,false,202,2015/08/27 22:16:57
,平成27年8月26日水曜日、ラーメン二郎 西台駅前店、大ラーメン+塩つけ麺+青ネギ+味付うずら+生卵+生卵1200YEN<n>麺、締め加減バツグンのツルリとイケるもの。<n>ブタ、神豚。思わず興奮。<n>タレ。暑かった夏の思ひ出、塩気汁。<n>完飲。 http://t.co/DOiTlZBUhx,322,false,288,2015/08/26 22:42:29
,平成27年8月25日火曜日、ラーメン二郎新橋店、ラーメン+味玉子+生とじ玉子 ニンニクアブラカラメ 900YEN<n>柔らかめお願いした麺ウンメ〜っ！<n>増したアブラ甘ンめ〜。<n>生とじ玉子、海苔がいい仕事してる。<n>ブタ、ゴッロゴロ！<n>完飲。 http://t.co/U1oDs30s5w,260,false,212,2015/08/25 21:43:07
,平成27年8月24日月曜日、ラーメン二郎 歌舞伎町店、普通盛+煮玉子 ニンニク少アブラ800YEN<n>麺、弾力ある俺好みなもの。<n>汁、デフォでいささかカラメなもの。増したアブラ、甘くておいし〜い！<n>ブタ、見た目より柔らかいもの。<n>完飲。 http://t.co/tsqz27veHu,291,false,235,2015/08/24 23:34:49
,平成27年8月23日日曜日、ラーメン二郎 環七新新代田店、小豚+つけ麺+辛〜ずリミックス+刻みながねぎ+なまたまご+なまたまご ニンニク1200YEN<n>辛〜ずは、ハーブの香りが清々しいもの。タレに溶かしてウマさマシマシ、俺好み。完飲。 http://t.co/E88ds7oQHo,221,false,197,2015/08/23 17:12:44
,平成27年8月22日土曜日、ラーメン二郎めじろ台法政大学前店、ぶた大ラーメン+汁なし+生たまご+生たまご ニンニクアブラカラメ1100YEN<n>天地返すとふあと漂う汁なし臭に完食確定。玉子落としてズルと貪る。最ッ高にウマい。夢中で完食。 http://t.co/t3WRcQthIR,428,false,362,2015/08/22 20:09:51
,平成27年8月21日金曜日、ラーメン二郎 湘南藤沢店、豚入り+つけ+生卵+生卵  ニンニク 940YEN<n>タレ、コクのある二郎汁にゴマ油の香味とほのかな酸味感じる、堪らなくウマい汁。<n>ブタ、トロットロのもの。脂身あんめ〜っ！<n>完飲。 http://t.co/SKxHg8KXtR,284,false,267,2015/08/21 23:31:34
,平成27年8月20日木曜日、ラーメン二郎 赤羽店．大ラーメン ニンニク少 800YEN<n>麺、プルンッ！醤油染みてて最ッ高にウマい神域麺。<n>汁、ウンメ〜ッ！濃いコク、醤油利いたもの。メッチャ俺好み、興奮汁。<n>完飲。 ごっそさんです。 http://t.co/D9BuZFglw0,360,false,299,2015/08/20 16:43:56
,平成27年8月19日水曜日、ラーメン二郎 京急川崎店、大ラーメン ニンニク 830YEN<n>麺、柔らかでほどける食感俺好み。<n>汁、うん！ウマい。優しい味わい沁み渡る。<n>完飲。<n>思わず笑顔でごっそさん。 http://t.co/CH6z45k64X,225,false,224,2015/08/19 23:57:35
,平成27年8月18日火曜日、ラーメン二郎 環七新新代田店、小豚+つけ麺+なまたまご+なまたまご ニンニク1050YEN<n>今日のつけ麺、うぐいすと違う、紅生姜入っててスッキリとした印象の旨タレ。<n>ブタもウッメェ！<n>夢中で貪り、完飲。 http://t.co/ShUM12ZamS,215,false,221,2015/08/18 21:50:28
,平成27年8月17日月曜日、ラーメン二郎 西台駅前店、大ラーメン+塩つけ麺+青ネギ+味付うずら+生卵+生卵 1200YEN<n>最高にショッパくて、最ッ高にウマい、西台の塩つけ麺。大量の麺くぐらせても、仕舞いまで味わい長持ち持続汁。完飲。 http://t.co/q8yjx6RHS0,268,false,241,2015/08/17 22:20:07
,平成27年8月16日日曜日、ラーメン二郎新小金井街道店、シークァサーすっぱいラーメン+うずら ニンニク少 930YEN<n>フルーティな柑橘臭に思わず深呼吸。<n>酸味染みててズババとイケる麺。<n>スッキリした味わい、ゴクゴクイケる汁。<n>完飲。 http://t.co/FAvXqFC00P,226,false,214,2015/08/16 20:11:40
,平成27年8月15日土曜日、ラーメン二郎 松戸駅前店、ラーメン ニンニク 700YEN<n>麺、汁染みててムチとした食感のもの。<n>汁、ウンメ〜〜ッ！醤油加減いい感じ、コクありながら飲みやすい汁。ニンニク溶けてウマさ極まる。思わず完飲ッ。 http://t.co/OuumhpTK7q,231,false,205,2015/08/15 14:56:06
,平成27年8月14日金曜日、ラーメン二郎新宿小滝橋通り店、小つけ麺 ニンニク850YEN<n>麺、冷水締めのキュキュッと引き締まったもの。ツルリといけるもの。<n>ブタ、いささかカタいが臭み無し。<n>タレ、醤油と酢が効いたもの。完飲。 http://t.co/D8KlHtQuXf,180,false,172,2015/08/14 21:38:27
,平成27年8月13日木曜日、ラーメン二郎 環七新新代田店、小ラーメン+スーパーハヤブサつけ麺+なまたまご+なまたまご ニンニク950YEN<n>タレ、ウンメ〜。濃厚なタレに、ニラの香味加わり、後味に山椒がピリと痺れて爽快な逸品。完飲。 http://t.co/EgyX5CwGCj,168,false,171,2015/08/13 17:41:36
,平成27年8月13日木曜日、ラーメン二郎 西台駅前店、とりそば+味付うずら+青ネギ100+生卵+生卵 800YEN<n>初めて立ち喰い席で喰う事できた。<n>とりチャーシューウンメ〜。もっと喰いたいもの。<n>青ネギと生卵、メッチャ合う。完飲。 http://t.co/It927rzMKF,174,false,179,2015/08/13 13:35:28
,平成27年8月12日水曜日、ラーメン二郎 西台駅前店、大ラーメン+青ネギ+味付うずら+生卵+生卵 1050YEN<n>麺、アッツアツなもの。生卵で冷却しつつ啜る。<n>汁、肉の旨味感じるもの。青ネギが合う汁。<n>ブタ、醤油染みててウマし。完飲。 http://t.co/ema1dN03AQ,215,false,212,2015/08/12 14:49:46
,平成27年8月11日火曜日、ラーメン二郎 西台駅前店、大ラーメン+塩つけ麺+青ネギ+味付うずら+生卵+生卵 1200YEN<n>今日も暑かった。西台でつけ麺を楽しもう。<n>塩気効いたウマ汁に、冷水締めの麺浸して貪る。ショッパウンメ〜！完飲。 http://t.co/R3CEYhfOYq,332,false,242,2015/08/11 23:14:02
,平成27年8月11日火曜日、ラーメン二郎 西台駅前店、とりそば+味付うずら+生卵 650YEN<n>汁ウンメ〜〜！<n>生卵落として啜れば奮える味わい。<n>とりチャーシューウンメ〜〜！<n>ジューシィでプルンと柔らか。<n>完飲。恍惚。ごっそさん。 http://t.co/ZzQ0igv1Au,346,false,245,2015/08/11 15:22:36
,平成27年8月11日火曜日、ラーメン二郎 西台駅前店、とりそば+味付うずら+生卵 650YEN<n>汁、優しい味わい、癒し汁。いつもの二郎汁とは違った印象。<n>ブタの代わりにとりチャーシュー。<n>白ネギメッチャ合う。<n>こりゃ気に入った！完飲。 http://t.co/1A1h4CL5Sd,394,false,312,2015/08/11 14:39:07
,平成27年8月10日月曜日、ラーメン二郎上野毛店、大ラーメン+つけ麺+生卵+生卵 アブラカラメ1000YEN<n>麺、柔らかめでツルンとイケちゃうもの。<n>タレ、醤油と酸味、柚子胡椒香るもの。生卵落として月見風にして飲む。ウンメ〜ッ！完飲。 http://t.co/ACdLqf5jTB,221,false,224,2015/08/10 23:05:44
,平成27年8月9日日曜日、ラーメン二郎 松戸駅前店、ラーメン ニンニク 700YEN<n>柔らかめな仕上がりの麺、味染みててムチムチした食感の超俺好みのもの。<n>コクと醤油のウマい汁。完飲。 <n>三代目に軽く会釈し、祝意伝えて退店した。 http://t.co/9IkUQ6rFds,301,false,291,2015/08/09 12:21:51
,平成27年8月8日土曜日、ラーメン二郎 西台駅前店、小ラーメン+塩つけ麺+青ネギ+味付うずら+味付うずら 1150YEN<n>生卵、無念の売り切れッ！味付けうずらをダブルでお願いする。<n>汁飲んで、おいしく塩分補給、熱中症対策万全ッ。完飲。 http://t.co/tF8mlQkiga,365,false,294,2015/08/08 15:39:47
,平成27年8月7日金曜日、ラーメン二郎 西台駅前店、小ラーメン+つけ麺+青ネギ+味付うずら+生卵+生卵 1150YEN<n>しょっぺ〜ッ！強烈な塩気とウマ味一気に押し寄せてきて、奮えとまんない。ブタを塩汁に浸して喰えば脂身甘ンめ〜！完飲。 http://t.co/kkZw4lu7zl,216,false,198,2015/08/07 23:03:27
,平成27年8月7日金曜日、ラーメン二郎 会津若松駅前店、小つけ麺エビ味+生たまご+生たまご+しょうが 950YEN<n>エビ味、ウッメ〜ッ！磯の味。エビのウマ味、濃縮した様なテイスト。メッチャ中毒性有り、飲まずには居られないもの。完飲。 http://t.co/0c3bELP2wL,268,false,236,2015/08/07 13:17:59
,平成27年8月6日木曜日、ラーメン二郎 西台駅前店、大ラーメン+つけ麺+青ネギ+味付うずら+生卵+生卵 1200YEN<n>【つけ麺】終了し、【塩つけ麺】開始ッ！！突き抜けた塩気がウンメ〜ッ！後からコールの柚子胡椒もメッチャ合うッ！完飲。 http://t.co/I0GfBgZtFo,190,false,196,2015/08/06 21:35:23
,平成27年8月5日水曜日、ラーメン二郎 品川店、大+煮玉子+煮玉子 ニンニク 1000YEN<n>麺、ウンメ〜っ！メッチャ味染みてる。ズバズバ啜れるもの。<n>汁、ウマ味すんげ〜っ！ニンニク溶けてウマさ倍増、煮玉子との相性最ッ高なもの。完飲。 http://t.co/0y9ivovDae,241,false,226,2015/08/05 22:24:41
,平成27年8月4日火曜日、ラーメン二郎 西台駅前店、大ラーメン+つけ麺+青ネギ+味付うずら+生卵+生卵 1150YEN<n>メルマガによると【つけ麺】が一旦終わりとの事。喰っとかねば。ウンメ〜。完飲。<n>「一旦」だからまた喰えるの期待す。 http://t.co/JiNuwcqTVJ,179,false,166,2015/08/04 21:34:42
,平成27年8月3日月曜日、ラーメン二郎目黒店、小ラーメンW豚入り ニンニク 700YEN<n>液体アブラ纏った麺、ムチとしたもの。<n>ほぐれるような食感のブタ、脂身トロトロ甘ウマ。<n>夢中で頬張ってたら丼がカラになってた。<n>完飲。 http://t.co/O0MSuYwCvS,240,false,216,2015/08/03 22:05:25
,平成27年8月2日日曜日、ラーメン二郎新小金井街道店、シークァサーすっぱいラーメン+うずら ニンニク 930YEN<n>灼熱の日々続きバテ気味な胃に、強酸味の刺激与えると、キュっと引き締まり食欲湧いてくる。完飲。 http://t.co/R1NwjKyXhn,197,false,211,2015/08/02 19:36:42
,平成27年8月1日土曜日、ラーメン二郎 西台駅前店、小豚+青ネギ+味付うずら+生卵+生卵 ニンニク 1100YEN<n>久々にラーメン喰った西台で。<n>生玉子絡めて啜る麺ウマし。<n>青ネギをスープに入れりゃ神の汁。<n>完飲。ごっそさん。 http://t.co/uoo6bUJCyp,218,false,224,2015/08/01 15:03:12
,平成27年7月31日金曜日、ラーメン二郎 会津若松駅前店、小つけ麺エビ味+生たまご+生たまご ニンニク 900YEN<n>予想はるかに上回る濃厚エビ味、塩気強めなメッチャ俺好みのタレで、プルンと甘締め柔らか麺を食す。ウンメ〜ッ。完飲。 http://t.co/IbUSOJJ8LD,246,false,212,2015/07/31 19:09:11
,平成27年7月31日金曜日、ラーメン二郎ひばりヶ丘駅前店、ラーメン ニンニク 700YEN<n>クーラーマシマシ！<n>麺、前回同様、柔らか傾向。俺嬉し。<n>ブタ、脂身トロットロでウンメ〜！<n>汁、課長利き、夢中で飲める、ひばり汁。<n>完飲。 http://t.co/dlhY5JtXZy,310,false,259,2015/07/31 13:01:28
,平成27年7月30日木曜日、ラーメン二郎新橋店、小ラーメン+味玉子+味玉子+生とじ玉子 ニンニク 1000YEN<n>麺柔らかめを所望した。ここの麺は柔らかめが堪らなく好き。ムッチモチ食感。生とじ玉子でスキヤキ風に頂く。ウンメ〜ッ！完飲。 http://t.co/4SLDi0anoV,204,false,194,2015/07/30 23:11:38
,平成27年7月29日水曜日、ラーメン二郎新小金井街道店、シークァサーすっぱいラーメン+うずら ニンニク930YEN<n>フルーティな柑橘臭が爽やかで心地よい、酸味キリリ利いた汁。ポン酢を思わせる、サッパリしてメッチャ飲みやすいもの。完飲。 http://t.co/othNheA3yQ,240,false,215,2015/07/29 22:46:35
,平成27年7月28日火曜日、ラーメン二郎 赤羽店．大ラーメン ニンニク 800YEN<n>麺、ウッメェェッ！プルンプルンで柔らかい、味染みたもの。ニンニクを絡めながら食うと最ッ高にウマい。<n>汁、ミルキィで、ウマ味豊かなもの。<n>完飲。 http://t.co/1qOmdCfDBH,254,false,255,2015/07/28 21:00:06
,平成27年7月27日月曜日、ラーメン二郎 京急川崎店、大ラーメン ニンニク 830YEN<n>麺、メッチャ味染みた、口の中で、ふあとほどける、ほぼ咀嚼不要なもの。最ッ高に俺好み。<n>汁、ウンメ〜。甘みが優しい癒し汁。<n>完飲。ごっそさんです。 http://t.co/V2Y4eN1Ees,275,false,266,2015/07/27 21:55:09
,平成27年7月26日日曜日、ラーメン二郎 松戸駅前店、大盛りラーメン ニンニクしょうが 780YEN<n>ブタ、よく味染みてほぐれるものがゴロっと。<n>汁、ウマ味たっぷり、醤油利いたもの。<n>完飲。 <n>ごっそさん、軽く会釈し、別れ告ぐ。 http://t.co/1yxWHyIBgP,358,false,294,2015/07/26 15:23:42
,平成27年7月25日土曜日、ラーメン二郎 横浜関内店、小ぶた+汁なし+粉チーズ ニンニクアブラカラメ 970YEN<n>マゼマセして、各具材渾然となったタレに、トロットロにトロける柔らかブタ合わさり、神域のウマさ。完食。恍惚のまま退店。 http://t.co/dLzUfgfXHm,536,false,454,2015/07/25 22:35:28
,平成27年7月25日土曜日、ラーメン二郎神田神保町店、小つけ麺+生玉子+生玉子 ニンニク 900YEN<n>麺、柔らか食感嬉しいもの。<n>タレ、醤油利いたPAPPタレ。プカアブラ甘ンめ〜ッ。唐辛子天空落としたら最ッ高に奮える味わい。完飲。 http://t.co/RRYLnid0CF,220,false,195,2015/07/25 15:17:56
,平成27年7月24日金曜日、ラーメン二郎八王子野猿街道店2、つけ麺(シークヮーサー)+うずら卵+生卵+生卵+きまぐれたまご ニンニク少 1180YEN<n>タレ、ウンメ〜。超酸味。<n>飲むほどに体が求める爽やかタレ。<n>完飲。ごっそさんです。 http://t.co/Sthe0M4CXr,273,false,237,2015/07/24 18:48:15
,平成27年7月24日金曜日、らぁめん大山富士本店、大麺+チャーシュー ニンニク有り1050YEN<n>麺、噛む麺！大麺ッ！<n>チャーシュー、甘ウマ脂身、プルンと俺好み。<n>汁、コク感じる醤油味。ニンニク溶けてウマし。<n>完飲。ごっそさんです。 http://t.co/h6ieCNWqNG,209,false,214,2015/07/24 13:32:33
,平成27年7月23日木曜日、ラーメン二郎 仙川店、ラーメン ニンニクアブラカラメ 700YEN<n>ウッメェェッ！カラメ増した事もあり、醤油味濃い、俺好みな至高汁。夢中で飲んだらメッチャアッツアツで舌やけど。<n>完飲。ごっそさんです。 http://t.co/AlF8uqJ9RF,323,false,303,2015/07/23 22:22:54
,平成27年7月22日水曜日、ラーメン二郎 西台駅前店、大ラーメン+つけ麺+青ネギ+味付うずら+生卵+生卵 1150YEN<n>ブタ、ウンメ〜ッ。奮えるほど脂身甘い。<n>タレ、ショッペ〜ッ。だがそれがいい！！塩気の中にウマ味あり。完飲。 http://t.co/opZH2JxyFb,351,false,277,2015/07/22 21:54:20
,平成27年7月21日火曜日、ラーメン二郎 環七新新代田店、小豚+GSX1300Rはやぶさつけ麺+なまたまご+なまたまご ニンニク1050YEN<n>はやぶさつけ麺には辛味噌が添えられてた。<n>ここの甘締めな太麺、柔らかくて最高に好き。完飲。 http://t.co/3l4C70KceQ,248,false,205,2015/07/21 21:54:55
,平成27年7月20日月曜日、ラーメン二郎新小金井街道店、小金井ドクロ+チーズ+生玉子 980YEN<n>玉子はデフォで1個付く。もう1個追加50円。<n>優しいテイスト小金井ドクロ。生玉子落として、ズルと啜る。ウマいッ！こりゃたまらん。完飲。 http://t.co/sBtGFhlFID,256,false,227,2015/07/20 16:23:32
,平成27年7月19日日曜日、ラーメン二郎中山駅前店、大ラーメン+ニンニクアブラカラメ 790YEN<n>麺、柔らかめな仕上がり嬉しい、俺好みな味染み麺。<n>汁、ウッメェェェッ！ウマ味ハンパ無い奮え汁。<n>最後の一滴まで貪り飲んだ。完飲。 http://t.co/oybjJOMqEz,272,false,264,2015/07/19 19:58:01
,平成27年7月18日土曜日、ラーメン二郎 茨城守谷店、大ラーメン+うずらの卵+生卵+生卵 ニンニク1000YEN<n>ちょいカタ目に仕上がった弾力ある麺をザクと頂く。汁はコクあって醤油強めな俺好みなもの。<n>完飲、ごっそさんです。 http://t.co/k82aB8WtIl,241,false,232,2015/07/18 14:13:21
,平成27年7月17日金曜日、ラーメン二郎 品川店、大+煮玉子+煮玉子 ニンニク 1000YEN<n>冷房マシマシ効いた快適店内、それだけでも幸せなのに、麺がウマい。汁がウマ過ぎる。押し寄せる多幸感。夢見心地で貪り、完飲した。 http://t.co/KDvOZGN4sA,256,false,229,2015/07/17 20:53:33
,平成27年7月16日木曜日、ラーメン二郎 品川店、大+煮玉子+煮玉子 ニンニク 1000YEN<n>麺、ザックザク頬張れて、口溶け感俺好み。<n>ブタ、噛むほどウマい、スルメブタ。<n>汁、煮玉子と共に流し込む、ウンメ〜！メッチャ幸せな味。完飲。 http://t.co/GcJHrKVvyT,250,false,245,2015/07/16 19:55:47
,平成27年7月15日水曜日、ラーメン二郎 環七新新代田店、小+うぐいすつけ麺+100円ロース+なまたまご+なまたまご ニンニク1000YEN<n>柔らかくてメッチャ喰いやすい極太麺を醤油と柚子胡椒利いたPAPPタレで啜る。ウッメェ！完飲！ http://t.co/hQ1aVeBf9D,241,false,235,2015/07/15 22:39:00
,平成27年7月14日火曜日、ラーメン二郎環七一之江店、汁なし大盛ラーメン+ブタ増し+味付玉子+生卵+生卵 全部1050YEN<n>クニュ食感の麺、具材渾然汁とともに頬張る。ウンメ〜。更に生玉子加えてズルと啜ると、完全に虜。恍惚のまま完飲。 http://t.co/G38vi9Spw2,290,false,247,2015/07/14 20:48:33
,@saintvetement そうなんですか？迂闊でした。申し訳ありません。,18,false,16,2015/07/14 01:06:08
,平成27年7月13日月曜日、ラーメン二郎 千住大橋駅前店、大ラーメン+生たまご+生たまご ニンニク少900YEN<n>麺、汁染みて弾力ある麺、液体アブラ纏ってウマし。<n>汁、鶏油強めで醤油利いたもの。生たまごと相性バツグン、親子汁。完飲。 http://t.co/odWyY81FW1,310,false,258,2015/07/13 20:06:49
,平成27年7月12日日曜日、ラーメン二郎中山駅前店、小ラーメン豚入+ニンニクアブラカラメ 790YEN<n>麺、汁染みて、俺好み。<n>豚、脂身甘くて、とろける食感のもの。<n>汁、増したアブラでPAPP汁。ウマ味に夢中、思わず飲んだ。<n>完飲。 http://t.co/GUhz4wM8rd,293,false,262,2015/07/12 17:00:41
,平成27年7月11日土曜日、ラーメン二郎めじろ台法政大学前店、ぶた小ラーメン+つけ麺+生たまご+生たまご ニンニク少アブラ950YEN<n>醤油効き、ゆず香る、さっぱりとしたタレ。<n>黒アブラ絡めて喰うと最ッ高にウマい。貪り喰って、完飲。 http://t.co/avxreVXUXb,201,false,206,2015/07/11 16:14:31
,平成27年7月10日金曜日、ラーメン二郎 西台駅前店、大ラーメン+つけ麺+青ネギ+味付うずら+生卵+生卵 ニンニク 1150YEN<n>あー最高。西台での夕涼み。<n>塩気強めなタレと冷水締めの西台麺。脂身甘いブタ。癒し効果あり。<n>完飲。 http://t.co/owmTF0PMZF,259,false,220,2015/07/10 20:09:05
,平成27年7月9日木曜日、ラーメン二郎 札幌店、小+タマチ+生姜+生卵+生卵 ニンニク少 950YEN<n>ムッチムチな麺にショッパめな汁染みてたまらない。<n>麺に生姜絡めて喰うと興奮のウマさ。<n>シメは玉子生姜スープ。ゴクゴク飲める。完飲。 http://t.co/g9GzcHYDDc,356,false,306,2015/07/09 20:49:36
,平成27年7月8日水曜日、ラーメン二郎 三田本店、大ラーメン ニンニク少 650YEN<n>麺、ムッチとした食感、ザクザクイケる。<n>ブタ、プリップリで肉の味濃厚、激しくウマいもの。<n>汁、ウマ味押し寄せる夢中汁。奮えが止まらないもの。完飲。 http://t.co/owsq6ZFZTw,417,false,368,2015/07/08 11:01:12
,平成27年7月7日火曜日、ラーメン二郎 西台駅前店、大ラーメン+つけ麺+青ネギ+味付うずら+生卵+生卵 ニンニク 1150YEN<n>味染みて脂身甘ウマなブタ、メッチャ俺好み。<n>醤油ギリリ利いたタレ、激しく俺好み。<n>貪り喰って完飲。 http://t.co/jZtK3oxI1r,256,false,220,2015/07/07 21:37:25
,平成27年7月6日月曜日、ラーメン二郎 亀戸店、ラーメン+つけ麺+味玉+生卵+生卵 990YEN<n>適度に締まった麺は弾力が楽しいもの。<n>タレは、亀汁そのもののイメージ。液体アブラ纏わせて啜る。玉子投入して玉子汁がズルとウマい。完飲。 http://t.co/8xNB2ArQ7Q,270,false,247,2015/07/06 22:04:40
,平成27年7月5日日曜日、ラーメン二郎新小金井街道店、小ラーメン+かつお魚粉+ウズラ 930YEN<n>ブタ、しっとり柔らかいもの。<n>汁、やさしい味わい癒し汁。半分ぐらい飲んで、ガラムマサラを投入。香辛料の香りが食欲そそるカレー味。完飲。 http://t.co/rIgky6Rz6i,324,false,263,2015/07/05 16:19:01
,平成27年7月4日土曜日、ラーメン二郎 松戸駅前店、ぶた入り大盛ラーメン ニンニクしょうが880YEN<n>麺、ちょいと固めな仕上がりのもの。<n>ブタ、肉々しい食感で味染みたもの。<n>汁、ウマ味よく出た汁に、生姜がきいて堪らないもの。完飲。 http://t.co/VMGc3LKTcz,250,false,230,2015/07/04 17:53:47
,平成27年7月3日金曜日、ラーメン二郎ひばりヶ丘駅前店、ラーメン ニンニク 700YEN<n>麺、柔らか傾向な仕上がりで、俺嬉し。<n>ブタ、ホロリほぐれて麺と共に頬張れば、メッチャ幸せ。<n>汁、ウンメ〜！ミルキィで課長が利いた夢中汁。<n>完飲。 http://t.co/xgU6Qbwcaq,329,false,300,2015/07/03 15:24:00
,平成27年7月2日木曜日、ラーメン二郎目黒店、小ラーメン豚入り ニンニク 600YEN<n>ザクザク喰えるムチモソ麺<n>塩気強めなやわらかブタ<n>塩気利き、豚のウマ味感じる汁<n>ウッメ〜ッ！思わず声が出てしまった。<n>完飲、ごっそさんです。 http://t.co/BXGW2FzqyT,301,false,267,2015/07/02 23:47:51
,平成27年7月2日木曜日、ラーメン二郎 京急川崎店、大ブタ ニンニク 930YEN<n>麺、柔らかくて、味染みた、口の中でトロけるもの。<n>汁、甘ウマな優しい味わいの癒し汁。<n>ブタ、ほぐれる食感、汁吸ってウマい。<n>笑顔で完飲。ごっそさん。 http://t.co/mG0FZ4dgZz,279,false,246,2015/07/02 21:28:46
,平成27年7月1日水曜日、ラーメン二郎 西台駅前店、小ラーメン+つけ麺+白ネギ+味付うずら+生卵+生卵 ニンニク 1100YEN<n>西台つけ麺始まった。<n>醤油キリと利いたタレで、冷水締めの西台麺を啜る。ウッメェ！！<n>ツルりと喰って完飲。 http://t.co/I0isIplBYC,233,false,241,2015/07/01 22:01:11
,平成27年7月1日水曜日、ラーメン二郎 小岩店、大豚入り ニンニク少 950YEN<n>麺、ムチとして汁染みたものをザックザク喰う。<n>ブタ、ほぐれかけたものがゴロっと。汁吸っててウマい。<n>汁、豚の旨味極めた至高汁。奮えながら飲む。<n>完飲。 http://t.co/nJP6YB3N1N,306,false,278,2015/07/01 19:44:12
,平成27年6月30日火曜日、ラーメン二郎 西台駅前店、大ラーメン+塩+白ネギ+味付うずら+生卵+生卵 ニンニク 1150YEN<n>完飲。 http://t.co/CVLrZjnBYS,320,false,244,2015/06/30 23:26:43
,平成27年6月29日月曜日、ラーメン二郎 茨城守谷店、大ラーメン+うずらの卵+生卵+生卵+玉ねぎみじん切り ニンニク1030YEN<n>ウッメェッ！汁染みた守谷麺、クニュ食感が超俺好みのもの。濃コク醤油汁に玉ねぎ加えて夢中で飲んだ。完飲。 http://t.co/t5CrZ4KNsZ,397,false,309,2015/06/29 19:47:58
,平成27年6月28日日曜日、ラーメン二郎中山駅前店、小ラーメン豚入+ぎょったまつけ麺+ ニンニクアブラカラメ 890YEN<n>魚粉とたまねぎのつけタレ、程よい酸味、魚粉とたまねぎの甘みを主張しない程度に感じるもの。メッチャウマ。完飲。 http://t.co/mnYaUZgW1p,189,false,193,2015/06/28 16:42:44
,平成27年6月27日土曜日、ラーメン二郎 西台駅前店、大豚+塩+白ネギ+味付うずら+生卵+生卵 ニンニク 1250YEN<n>5周年、時の流れが、早過ぎる<n>あと1年、西台幾つ、喰えるかな<n>おかしいな、目から塩汁、流れてる<n>完飲。 http://t.co/DgnJSPyoRg,650,false,516,2015/06/27 20:28:23
,平成27年6月26日金曜日、ラーメン二郎八王子野猿街道店2、小ラーメン(なみのり)+うずら卵+生卵+生卵+きまぐれたまご+きくらげ ニンニク少 1130YEN<n>塩汁トロンとショッパウマ。<n>キクラゲコリコリ塩に合う。<n>完飲、ごっそさん。 http://t.co/LPyhbOvRW8,332,false,264,2015/06/26 20:04:36
,平成27年6月25日木曜日、麺屋はなび桑名店、台湾まぜそば+味玉+生卵 950YEN<n>生卵落としてマゼマセ、釜玉風。マイルドな味わい。<n>ズルと食う、メッチャたまらん、俺好み。<n>追い飯投入、たまご掛けご飯風も奮えるウマさ。<n>完食。 http://t.co/WPvBuHcDZ3,268,false,266,2015/06/25 20:03:38
,平成27年6月25日木曜日、味仙今池本店、台湾ラーメン(激辛)+炒飯1310YEN<n>イ、イタリアンで。とお願いしたら、激辛と言い直してた。店によっては通らないのかな。<n>懸念ほど辛くなく、辛さの中にウマ味感じて、貪り飲めるもの。完飲。 http://t.co/ukqqoJZPMY,284,false,227,2015/06/25 18:21:04
,平成27年6月24日水曜日、ラーメン二郎 池袋東口店、つけ麺+煮たまご ニンニク 900YEN<n>冷水で締められた池袋麺は、武蔵野うどんのような力強い食感のもの。酸味利いたつけタレでサッパリといただける。具材の食感も楽しい。<n>完飲。 http://t.co/L4LbD6uTta,242,false,216,2015/06/24 23:32:34
,平成27年6月23日火曜日、ラーメン二郎中山駅前店、小ラーメン豚入り+つけ麺+ ニンニクアブラカラメ 890YEN<n>タレ、ウッメェ〜！ゴマ油香り、醤油利いた、麺を夢中で頬張れるもの。<n>ブタ、ほぐれる食感、タレに浸って激しく旨い。完飲。 http://t.co/dPzPPGIOR0,310,false,265,2015/06/23 21:47:56
,平成27年6月22日月曜日、ラーメン二郎 三田本店夜の部、大ラーメン ニンニク 650YEN<n>デロンデロンなデロ麺がメッチャ柔らかくて、たまんない。極めて俺好みのもの。<n>ブタ、脂身トロトロ甘んめェ〜。<n>汁、塩気濃い目夢中汁ッ。完飲。 http://t.co/N7qA4RjyZE,278,false,247,2015/06/22 21:09:20
,平成27年6月21日日曜日、ラーメン二郎大宮店、大ラーメン+つけ麺(かつお節とたまねぎのつけ麺)+味付ウズラ+味付ウズラ アブラカラメ生姜 1000YEN<n>液体アブラにかつお魚粉加わったテイストは、俺好み。味付ウズラがウマい。<n>完飲。 http://t.co/fK5AiLGvPr,267,false,237,2015/06/21 16:44:41
,平成27年6月20日土曜日、ラーメン二郎 歌舞伎町店、つけ麺普通+煮玉子 ニンニク 900YEN<n>麺、いい感じに締まった歌舞伎麺。<n>タレ、ペッパーと酸味が食欲増進効果なもの。<n>ブタ、ゴロっとしたもの。肉々しくウマい。<n>完飲。 http://t.co/rMA3H6g1HJ,230,false,192,2015/06/20 22:20:28
,平成27年6月19日金曜日、ラーメン二郎 西台駅前店、小豚+塩+白ネギ+味付うずら+生卵+生卵 ニンニク 1200YEN<n>麺、柔らかめでウマし。<n>豚、増して良かった、ほぐトロ食感。<n>汁、塩気強めで、玉子がおそろしく合うもの。<n>完飲。 http://t.co/8OWiz17pjL,303,false,245,2015/06/19 22:43:49
,平成27年6月19日金曜日、ラーメン二郎神田神保町店、小豚+生玉子+生玉子 ニンニク 900YEN<n>麺ウッメぇ！柔らかい仕上がり！<n>ブタウッメェ！しっとり柔らかい！<n>汁ウッメェ！卓上唐辛子振って奮えるウマさ！<n>夢中で頬張り、完飲っ！ http://t.co/nIlNs05NY4,642,false,403,2015/06/19 19:50:35
,平成27年6月18日木曜日、ラーメン二郎 栃木街道店、大ラーメン+生卵+生卵+ウズラ+鰹節 ニンニク 1050YEN<n>柔らかく汁染みた麺俺好み。<n>超ぶ厚くてジューシィなブタ。<n>ミルキィで鰹節合う栃木汁。<n>玉子落として貪り飲んだ。完飲。 http://t.co/6s6Y884d0l,369,false,302,2015/06/18 18:04:49
,平成27年6月17日水曜日、ラーメン二郎 西台駅前店、大ラーメン+油そば(味噌がけ)+白ネギ+味付うずら+生卵+生卵 ニンニク 1150YEN<n>一夜限りの？味噌がけ復活に、大盛況の並びを経てありつく。うむ、ギリと味濃くてウマい。完飲。 http://t.co/dfNhMX5DJG,263,false,213,2015/06/17 22:52:54
,平成27年6月16日火曜日、ラーメン二郎 西台駅前店、大ラーメン+塩+白ネギ+味付うずら+生卵+生卵ニンニク 1150YEN<n>塩気濃いめな、メッチャ俺好みな塩汁。生卵落として、生卵汁が、奮えるウマさ。ウマいウマいと夢中で飲んだ。完飲。 http://t.co/4TgU7G9uec,409,false,301,2015/06/16 22:17:45
,平成27年6月15日月曜日、ラーメン二郎神田神保町店、小豚+生玉子+生玉子 ニンニク 900YEN<n>柔らかめな麺、汁染みて俺好み。<n>増した豚、肉の旨味濃く脂身甘い。<n>コクウマ汁、卓上唐辛子メッチャ合う。<n>ウマ過ぎて、灼熱忘れ、完飲す。 http://t.co/wwRUAfWChm,413,false,324,2015/06/15 19:59:55
,平成27年6月14日日曜日、ラーメン二郎中山駅前店、大ラーメン+ねぎ汁なし+ピリ辛にらだれ ニンニクアブラカラメ 940YEN<n>うっまそう〜。見た目で完食確定でしょ。ネギの香味で、食欲マシマシ、喰いだしたら止まんないっ。完食っ。 http://t.co/wUIdk9pIya,443,false,366,2015/06/14 13:41:58
,平成27年6月13日土曜日、ラーメン二郎八王子野猿街道店2、つけ麺(なみのり)+うずら卵+生卵+生卵 ニンニク少 1080YEN<n>トロントロンでコラーゲンたっぷりな塩汁は、明日のお肌が期待できるもの。コーンとペッパー利いて夢中で完飲。 http://t.co/RFlhx8KQ6X,324,false,230,2015/06/13 22:11:23
,平成27年6月13日土曜日、ラーメン二郎 松戸駅前店、大盛りラーメン ニンニクしょうが 780YEN<n>麺、液体アブラ纏ったムッチムチ麺。<n>ブタ、トロットロに柔らかいもの。増せば良かった。<n>汁、旨味と醤油利いた俺好みのキリリ汁。<n>完飲。 http://t.co/sJmfO6Zyq9,228,false,186,2015/06/13 11:54:11
,平成27年6月12日金曜日、ラーメン二郎 横浜関内店、大ぶた+味つけ玉子+味つけ玉子 ニンニク 1000YEN<n>麺、パツとしたもの、ザクザク喰う。<n>ブタ、ホロとほぐれる、柔らかブタ。<n>汁、甘み感じるミルキィ汁。<n>ノンストップで完飲ッ。 http://t.co/k8zMoU3dcI,344,false,244,2015/06/12 20:44:18
,平成27年6月11日木曜日、ラーメン二郎 池袋東口店、ラーメン+煮たまご ニンニク 800YEN<n>麺、柔らかめを所望した通り、いい感じの仕上がり。汁染みてて、かなり俺好みのもの。<n>汁、ミルキィでアッツアツ。野菜にメッチャ合う汁。完飲。 http://t.co/wRuuTe8njz,310,false,247,2015/06/11 22:20:10
,平成27年6月11日木曜日、煮干中華ソバイチカワ、アレ(白)+味玉+和え玉 1050YEN<n>汁、ウンメ〜ッ！煮干の旨さ極めた感動汁。<n>麺、パッツパツ食感、汁にメッチャ合うもの。<n>和え玉、煮干油の香りがたまらない。<n>夢中で啜って、完飲。 http://t.co/BKWMleJtln,255,false,246,2015/06/11 12:45:04
,平成27年6月10日水曜日、ラーメン二郎 三田本店夜の部、大ラーメン ニンニク 650YEN<n>俺好みのデロ麺に、味染みててウッメぇぇぇッ！<n>ブタ、脂身プリップリで甘ウマなもの。<n>汁、旨味最ッ高に感じる汁。丼から口離せないもの。<n>完飲。 http://t.co/Z3nYmXOye7,364,false,275,2015/06/10 21:20:26
,平成27年6月9日火曜日、ラーメン二郎 西台駅前店、大豚+塩+白ネギ+味付うずら+生卵+生卵 ニンニク 1250YEN<n>豚増して、塩との相性、確かめる<n>塩汁に浸した豚ウンメぇぇぇッ！脂身トロンと甘ンめぇぇぇッ！感動、完飲、ごっそさん。 http://t.co/DIvO8VtFuw,414,false,299,2015/06/09 20:53:47
,平成27年6月8日月曜日、ラーメン二郎 西台駅前店、大ラーメン+塩+白ネギ+味付うずら+生卵+生卵 ニンニク 1150YEN<n>塩ラーメンウッメぇぇぇッ！最ッ高でしょこの汁。ウマ味豊かな塩気汁、体求める必須汁。<n>完飲。ごっそさんです。 http://t.co/CBvy2D0jHo,423,false,289,2015/06/08 21:25:54
,平成27年6月7日日曜日、ラーメン二郎新小金井街道店、小ラーメン+かつお魚粉+ウズラ+生姜 980YEN<n>やさしい味わい小金井汁に、魚粉加わりウマさ10倍。生姜加わりウマさ100倍。いや、1000倍ッ。完飲。ごっそさんです。 http://t.co/KLenfMH2Y2,486,false,340,2015/06/07 16:26:30
,平成27年6月6日土曜日、ラーメン二郎大宮店、大ラーメン+味付ウズラ+味付ウズラ アブラカラメ生姜900YEN<n>今日の麺、もっと茹でれば、俺好み<n>安定の、味付ウズラ、塩気よし<n>カラメ増し、生姜加えて、ウマい汁<n>完飲。 ごっそさんです。 http://t.co/d2xQyxXHj5,292,false,235,2015/06/06 22:18:43
,平成27年6月6日土曜日、ラーメン二郎 松戸駅前店、大盛りラーメン ニンニクしょうが 780YEN<n>おお、ウマいな！！<n>ザクザクと食える麺。歯を立てた途端、ホロリ解れる柔らかブタ。<n>旨味と醤油とアブラの甘み利いた興奮汁。<n>夢中で完飲。 http://t.co/Db4ozWYXQ4,282,false,194,2015/06/06 14:35:02
,平成27年6月5日金曜日、ラーメン二郎 栃木街道店、ラーメン+生卵+生卵+ウズラ+ピリ辛らっきょう+鰹節 ニンニク 1050YEN<n>麺、柔らかくて甘ウマ汁染みててウンメ〜〜ッ。<n>ブタ、肉質しっかり、ジューシィで、神なるもの。<n>完飲。 http://t.co/vh4sLeJEjE,329,false,225,2015/06/05 21:44:20
,平成27年6月5日金曜日、ラーメン二郎 会津若松駅前店、大ラーメン+しょうが+生たまご+生たまご ニンニク 900YEN<n>麺、プルップルに柔らかい、最ッ高な食感の麺。旨味濃厚汁染みて、奮えるしかない神域麺！<n>感涙のまま貪り、完飲した。 http://t.co/QudO2Kgneo,671,false,486,2015/06/05 13:02:17
,平成27年6月4日木曜日、ラーメン二郎 仙台店、小ラーメン+生卵+生卵 ニンニク 790YEN<n>麺、ムチとして味染みた俺好みの麺。<n>ブタ、大ぶりで脂身甘いもの。<n>汁、生姜ほのかに香るコクウマ汁。生卵落として生卵汁が超ウマい。<n>完飲。 http://t.co/JbytS8I6gR,362,false,236,2015/06/04 18:56:38
,平成27年6月3日水曜日、ラーメン二郎 西台駅前店、大ラーメン+塩+白ネギ+味付うずら+生卵+生卵 ニンニク 1150YEN<n>天地返して塩汁染みた麺啜る。あ〜堪んない。<n>ブタは神域のもの。脂身の甘さ、塩気で際立ち奮えるウマさ。完飲。 http://t.co/ufaQ5rKZth,371,false,293,2015/06/03 21:55:29
,平成27年6月2日火曜日、ラーメン二郎 西台駅前店、大ラーメン+塩+白ネギ+味付うずら+生卵+生卵 ニンニク 1150YEN<n>塩汁ウンメ〜〜ッ！旨味十分、やさしい塩気の癒し汁。醤油味のブタとウズラが塩汁にメッチャ合う！完飲。 http://t.co/n5eeZVqJkR,319,false,200,2015/06/02 22:27:50
,平成27年6月1日月曜日、ラーメン二郎目黒店、大ラーメン豚入り ニンニク 700YEN<n>アブラ纏ったムチモソ麺、ブタヤサイもろとも頬張り、塩気利いた汁で流し込む。ウンメ〜〜ッこりゃタマらん！夢中で貪り喰った。<n>感動、完飲、ごっそさん。 http://t.co/PCyWARNOOG,301,false,199,2015/06/01 22:36:36
,平成27年5月31日日曜日、ラーメン二郎大宮店、大ラーメン+味付ウズラ アブラカラメ生姜 800YEN<n>ウズラ1枚売切れ返金。<n>麺、モチモチとして柔らか目な仕上がり、味染みててメッチャ俺好み。<n>ブタ、いささかガッチゴムなもの。<n>完飲。 http://t.co/oHlhqI0pVy,330,false,225,2015/05/31 21:06:27
,平成27年5月30日土曜日、ラーメン二郎八王子野猿街道店2、アブラっX+うずら卵+きまぐれたまご ニンニク少 1100YEN<n>デフォで2個、玉子が付いて、俺歓喜<n>2個の意味、玉子で完飲、推奨か<n>危険汁、醤油まろやか、夢中汁<n>完飲ッ。 http://t.co/VdiRyoDGE2,495,false,331,2015/05/30 23:17:37
,平成27年5月30日土曜日、ラーメン二郎八王子野猿街道店2、アブラっX+うずら卵+きまぐれたまご ニンニク少 1100YEN<n>こりゃウンメぇぇぇっ！見るからに危険な漆黒ダレを飲んでみると香ばしく円やかなアブラ醤油味。危険顧みず完飲ッ。 http://t.co/ptAYPnN6Ac,689,false,481,2015/05/30 14:49:13
,平成27年5月29日金曜日、ラーメン二郎 歌舞伎町店、普通盛+煮玉子 ヤサイニンニクアブラ 800YEN<n>麺、デフォで俺好みの柔らかいもの。<n>汁、デフォで俺好みの塩気の汁。<n>ブタ、いささか臭み感じるものの、許容範囲内のもの。完飲。 http://t.co/EPzCpy3VN5,212,false,136,2015/05/30 02:23:40
,平成27年5月29日金曜日、ラーメン二郎 札幌店、小+タマチ+生姜+生卵+生卵 ニンニク 950YEN<n>今日の汁、ウマさスカウター振り切れ爆発なウマさ。ノーマル汁堪能後、生姜溶かせば究極進化の生姜スープ降臨ッ。夢見心地で啜って完飲ッ。 http://t.co/wKxiR0gJoR,379,false,243,2015/05/29 14:09:00
,平成27年5月28日木曜日、ラーメン二郎 札幌店、小+タマチ+生姜+生卵+生卵 ニンニク 950YEN<n>昨日より乳化抑えめ醤油効いた汁は俺好み。<n>生卵落としてウマさに奮える。<n>タマチはブタに添えて良し、そのまま喰って清涼。完飲ッ。 http://t.co/kj17aj8deY,263,false,203,2015/05/28 20:05:13
,平成27年5月27日水曜日、ラーメン二郎 札幌店、大+タマチ+生卵+生卵 ニンニク 1000YEN<n>濃いコク醤油のウマ汁で、ボリュウムたっぷり麺啜る。ウンメ〜〜ッ、ここ試される大地でも、二郎喰える喜びで、胸一杯、腹も一杯ッ。完飲ッ。 http://t.co/pS20IDQUvw,448,false,284,2015/05/27 20:38:10
,平成27年5月26日火曜日、ラーメン二郎 西台駅前店、大ラーメン+油そば(味噌がけ)+白ネギ+味付うずら+生卵+生卵 ニンニク 1150YEN<n>ウンメ〜ッ味噌味強め俺好みの塩気のもの。ネギで、玉子で、食欲マシマシ止まれないッ！<n>完飲。 http://t.co/7fy6YhUMSt,385,false,235,2015/05/26 21:50:37
,平成27年5月25日月曜日、蒙古タンメン中本新宿店、特製樺太丼+プチスープ冷し味噌+固ゆで北極味玉1070YEN<n>特製樺太丼、具が豊富、タケノコの食感が楽しいもの。<n>固ゆで北極味玉、これ気に入った。土手煮のたまご思わせる味わい。完飲。 http://t.co/VCoGB4QdCk,221,false,173,2015/05/25 21:13:20
,平成27年5月25日月曜日、ラーメン二郎新宿小滝橋通り店、小ラーメン ニンニク750YEN<n>麺、柔らかい仕上がり嬉しいもの。<n>汁、背脂醤油ラーメン風味。これはこれで俺好み。<n>ブタ、肉々しい歯応えのものが2切れ。<n>完飲。ごっそさんです。 http://t.co/4gohmel1YA,166,false,135,2015/05/25 21:01:45
,平成27年5月24日日曜日、ラーメン二郎中山駅前店、小ラーメン ニンニクアブラカラメ690YEN<n>汁、増したアブラカラメが利いて、旨味と塩気のPAPP汁。一口で完飲へのビジョン明確になる汁。<n>夢中で飲んでたら丼がカラになってた。完飲。 http://t.co/0gLcXifpgT,340,false,269,2015/05/24 16:20:06
,平成27年5月23日土曜日、ラーメン二郎大宮店、大ラーメン ニンニク生姜 イベント価格800YEN<n>2種類の小麦粉の麺と、香り豚1頭買いの日。ウズラ売り切れ。無念。<n>おお、汁ウマい、ウマいッ！肉の旨味豊かで生姜がメッチャ合う汁。完飲。 http://t.co/aakbpDRhdI,193,false,138,2015/05/23 21:24:15
,平成27年5月23日土曜日、ラーメン二郎めじろ台法政大学前店、ぶた大ラーメン+生たまご+生たまご ニンニクアブラ1000YEN<n>醤油味アブラウンメ〜〜〜ッ！！二郎に求めるウマさ凝縮したような味わい。ブタもしっとりとしてウマし。完飲ッ。 http://t.co/lGKySemlcf,212,false,164,2015/05/23 15:06:59
,平成27年5月22日金曜日、ラーメン二郎 仙川店、ラーメン ニンニクアブラカラメ 700YEN<n>増したアブラで汁ギットギト。<n>一見クドそうに見えるが、ほのかに生姜香り、アブラの甘みが活きた堪らなくウマいもの。<n>完飲。ごっそさんです。 http://t.co/Pcnq7DE44g,186,false,124,2015/05/22 22:15:10
,平成27年5月21日木曜日、ラーメン二郎 京成大久保店、大ブタ ニンニク 900YEN<n>麺、ウッメェェェェェッッ！！クニュとした食感の、味染みた最ッ高にウマい麺ッ！！<n>汁、ヤサイとの相性もバツグンのコクウマ汁、夢中で流し込んで完飲ッ。 http://t.co/6bYGQDsKJV,331,false,240,2015/05/21 20:21:34
,平成27年5月20日水曜日、ラーメン二郎新橋店、ブタ入り+味玉子+生とじ玉子 ニンニク 1000YEN<n>生とじ玉子は、生卵にカツオだし加わり刻み海苔が乗ったもの。海苔好きにはたまらないもの。<n>ブタ、増して正解、味染みてて俺好み。完飲。 http://t.co/1kRZYsNiI5,215,false,166,2015/05/20 23:08:43
,平成27年5月19日火曜日、ラーメン二郎京成大久保店、小ブタ ニンニク 800YEN<n>麺、ツルックニュッとした食感の味染みたもの。<n>柔らかめで俺好みなもの。<n>汁、醤油いい感じに効いたコクウマ汁。飲み始めたら止まらない大久保汁。<n>完飲。 http://t.co/BM5C6tIkKL,232,false,182,2015/05/19 21:02:07
,平成27年5月18日月曜日、ラーメン二郎上野毛店、大ラーメン+味付け玉子+生玉子+生玉子+ふりふりカレーニンニクアブラカラメ1000YEN<n>アッツアツな汁、アブラカラメ利いてメッチャ俺好みのもの。締めはカレー溶かしてカレー汁。完飲。 http://t.co/tkcfeeYtgK,213,false,159,2015/05/18 20:41:03
,平成27年5月17日日曜日、ラーメン二郎新小金井街道店、小つけ麺+辛いの+ウズラ ニンニク少1030YEN<n>暑過ぎぃ〜、つけ麺恋しくなる季節到来した。<n>辛いつけダレ最高ッ！辛さの中にほのかに感じる酸味で食欲マシマシ夢中で飲んだ。完飲。 http://t.co/GbY9mH0Uwy,136,false,125,2015/05/17 14:33:31
,平成27年5月16日土曜日、ラーメン二郎めじろ台法政大学前店、ぶた大ラーメン+汁なし+生たまご+生たまご ニンニクアブラカラメ1100YEN<n><n>ペッパー効いた汁なしと、玉子の相性素晴らしい。醤油味アブラプルプルメッチャウマい。完食。 http://t.co/5kg56E7vsL,80,false,85,2015/05/16 19:20:30
,平成27年5月15日金曜日、蒙古タンメン中本 秋津店、北極ラーメン+定食 1010YEN<n>北極ってこんな辛かったっけ、久々に食って、驚く。軽くむせながら麺を消費し、汁にライスを投入で、おじやが辛ウマい。完飲。ごっそさんです。 http://t.co/uYYx58Y6Va,179,false,157,2015/05/16 00:06:36
,平成27年5月15日金曜日、ラーメン二郎 湘南藤沢店、大ラーメン+汁無し+生卵+生卵+粉チーズ  ニンニクアブラ 1070YEN<n>汁無しに、卵落として、ズルと喰う<n>カレー粉を、天空落とし、カレー味<n>ああウマい、ノンストップで、完飲す http://t.co/p9T2AIdQkw,193,false,159,2015/05/15 23:08:49
,平成27年5月14日木曜日、ラーメン二郎 赤羽店．大ラーメン ニンニク 800YEN<n>プルプルの麺はメッチャ俺好みのもの。<n>汁は昨日と変わって醤油が利いたものでコク醤油味ウンメ〜。<n>ブタはほぐれる食感で脂身トロットロなもの。<n>完飲ッ。 http://t.co/UCxDcRejcX,62,false,74,2015/05/14 18:50:59
,平成27年5月14日木曜日、自家製麺伊藤 赤羽店、肉そば中+スープ増し 850YEN<n>本日赤羽店6周年記念で、中盛大盛無料とのこと、中をお願いした。おめでとうございます。<n>パツとした麺、ニボ効いた汁、トロトロ肉、ウンメ〜ッ！完飲ッ。 http://t.co/uyXaaOSHBk,38,false,64,2015/05/14 18:21:15
,平成27年5月13日水曜日、ラーメン二郎 赤羽店．大ラーメン ニンニク 800YEN<n>いやはや神ウマ。プルルとした食感の柔らかい麺を、ミルキーで甘み感じる汁とともに啜れば、感涙のウマさ。ブタはトッロトロなもの。<n>完飲。ごっそさんです。 http://t.co/M1Q6N4boao,69,false,83,2015/05/13 19:35:03
,平成27年5月12日火曜日、ラーメン二郎 西台駅前店、大ラーメン+白ネギ+味付うずら+生卵+生卵 ニンニク 1050YEN<n>天地返すと麺に醤油染みてて旨いの確信。<n>少しずつ一味天空落として啜る。<n>うまぁ。幸せ。<n>完飲。ごっそさんです。 http://t.co/v6QWyMjRB8,70,false,85,2015/05/12 20:10:14
,平成27年5月12日火曜日、自家製麺伊藤 銀座店、肉そば中+スープ増し 950YEN<n>ニボの香り漂い堪らない。思わず深呼吸。<n>麺、歯切れ良い食感のプツパツ麺。メッチャ俺好み。<n>汁、煮干効いた最ッ高にウマい汁っ！<n>完飲。ごっそさんです。 http://t.co/5Ib7GFKnqS,36,false,53,2015/05/12 18:54:17
,平成27年5月11日月曜日、ラーメン二郎 千住大橋駅前店、大ラーメン+生たまご+生たまご ニンニク少 900YEN<n>麺、メッチャ味染みてて、俺好みのもの。<n>汁、塩気アブラの凶暴系。たまご落とせば、ウマさ爆発。夢中で貪った。完飲。 http://t.co/8FBy0113OV,57,false,80,2015/05/11 21:45:42
,平成27年5月10日日曜日、ラーメン二郎新小金井街道店、小ラーメン+辛いの+ウズラ+生卵+生卵+辛鬼ON ニンニク少 1080YEN<n>辛鬼ONは、玉ねぎに魚粉とサルサソース的タレが掛かったもの。さっぱりとウマし。完飲。ごっそさんです。 http://t.co/zOyNIQ0Vf0,25,false,55,2015/05/10 15:06:38
,平成27年5月9日土曜日、ラーメン二郎 桜台駅前店、小ラーメン+生たまご ニンニク 750YEN<n>麺、つるりとした舌触りのもの。<n>ブタ、ほぐれる感じのもの。<n>汁、醤油がいい塩梅に効いてて、ニンニク溶けてウマし。<n>完飲。ごっそさんです。 http://t.co/BvebXoQrRi,37,false,70,2015/05/09 15:11:53
,平成27年5月8日金曜日、ラーメン二郎 西台駅前店、大ラーメン+油そば(味噌がけ)+白ネギ+味付うずら+生卵+生卵 ニンニク 1150YEN<n>よく混ぜて喰うと、味噌味効いたピリ辛テイスト。塩気はややマイルド。メンマも面白い。<n>完飲す。 http://t.co/o6VsfYk0XR,42,false,85,2015/05/08 18:04:26
,平成27年5月7日木曜日、ラーメン二郎 環七新新代田店、小豚+かつおぶし+なまたまご+なまたまご ニンニク 950YEN<n>麺、汁メッチャ染みてて、たまらなくウマい。<n>ブタ、肉らしい噛み応えのものがゴッロゴロ。<n>完飲。ごっそさんです。 http://t.co/ZWJULqf8XG,29,false,66,2015/05/07 16:19:57
,平成27年5月6日水曜日、ラーメン二郎大宮店、大ラーメン(イベント価格800)+味付ウズラ+味付ウズラ ニンニク生姜 1000YEN<n>一頭買い香り豚の日。<n>汁、デフォで醤油強め、コクと肉の旨味感じる、俺好みの汁。ウズラも良し。完飲。 http://t.co/D0vpqY32be,40,false,64,2015/05/06 20:59:45
,平成27年5月6日水曜日、ラーメン二郎八王子野猿街道店2、小ラーメン+塩ドクロ+チーズ+うずら卵+生卵+生卵 ニンニク少 1130YEN<n>コレ、最ッ高に好き！塩気とアブラで目が覚めるウマさ。なぜ大にしなかったと自分を責めた。完飲ッ。 http://t.co/VJLhGEPla4,64,false,107,2015/05/06 18:03:47
,平成27年5月5日火曜日、ラーメン二郎大宮店、大ラーメン+春のつけ麺(あおさとリンゴのつけ麺)+味付ウズラ+味付ウズラ ニンニク生姜 1000YEN<n>タレ、ほのかにリンゴの酸味感じるもの。<n>ウズラ、塩気強めで俺好みなもの。<n>完飲。 http://t.co/3i1qhAFCZ3,47,false,82,2015/05/05 22:34:18
,平成27年5月4日月曜日、ラーメン二郎ひばりヶ丘駅前店、ラーメン ニンニク700YEN<n>到着時、自販機超えの並び。着席まで1時間超え。<n>麺、パツウマ麺。<n>汁、俺好みの醤油加減なもの。<n>ブタ、トロットロで口に含むとほどける食感。<n>完飲。 http://t.co/WMSQCc3RRW,44,false,79,2015/05/04 14:46:16
,平成27年5月3日日曜日、ラーメン二郎環七一之江店、汁なし大盛ラーメン+味付玉子+生卵+生卵 全部 950YEN<n>混ぜ混ぜして頂くと、混然となった味わいに夢中になる。2個の生卵を順次投入でスルスルノンストップで完飲。 ごっそさんです。 http://t.co/cAh89hl0G1,46,false,71,2015/05/03 18:10:41
,平成27年5月3日日曜日、ラーメン二郎大宮店、大ラーメン+味付ウズラ+味付ウズラ ニンニク生姜 800YEN<n>汁、ポテンシャルは感じるものの、いささか薄めな汁、卓上醤油を加えてよろし。<n>ウズラ、塩気強めで俺好みなもの。<n>完飲。 http://t.co/iX2qHpfdRe,33,false,64,2015/05/03 13:54:41
,平成27年5月2日土曜日、ラーメン二郎八王子野猿街道店2、大ラーメン(辛いの)+うずら卵+生卵+生卵+きまぐれたまご+えびラー油ダブル ニンニク少 1330YEN<n>エビ味濃厚ピリ辛ラー油を、麺に絡めて、汁に溶かしてウンメ〜〜ッ！完飲。 http://t.co/GGGBfRPbq4,58,false,61,2015/05/02 15:20:56
,平成27年5月1日金曜日、煮干しつけ麺宮元、特製極上濃厚煮干+味玉 1080YEN<n>つけ麺は、売り切れてた。<n>汁、動物系が強めな感じで粘度高い濃厚煮干汁。適度なエグ味が俺好み。<n>麺、パツパツ麺。汁が良く絡む。<n>完飲。ごっそさんです。 http://t.co/BZ7rX630Qj,21,false,35,2015/05/01 22:47:38
,平成27年5月1日金曜日、ラーメン二郎 JR西口蒲田店、大ブタ ニンニクとうがらし930YEN<n>ブタ、味染みてて良し<n>麺、柔らかめで食いやすいもの。<n>汁、いささか薄めに感じるものの、トッピングのとうがらし効いて飲みやすいもの。完飲。 http://t.co/TEqSV7aUJo,21,false,37,2015/05/01 20:05:41
,平成27年4月30日木曜日、ラーメン二郎歌舞伎町店、普通盛+煮玉子 全部 800YEN<n>麺、食券を横に折って、柔らかめを所望。イメージ通りの柔らか麺と、シャキ気味ヤサイを一緒に頬張れば食感の違いを楽しめる。完飲。ごっそさんです。 http://t.co/WWLq6lSNSo,18,false,34,2015/04/30 22:29:48
,平成27年4月29日水曜日、ラーメン二郎八王子野猿街道店2、大つけ麺(レモンつけ麺)+うずら卵+生卵+生卵 ニンニク少 1180YEN<n>うん、こりゃいい。酸味の効いたタレは、ポン酢のようなテイスト。食欲マシマシ夢中で飲んだ。完飲。 http://t.co/ArHvDFmMBW,18,false,46,2015/04/29 15:14:02
,平成27年4月28日火曜日、ラーメン二郎 府中店、大ラーメン ニンニクアブラカラメ 800YEN<n>汁、メッチャウマい・・・。アブラカラメが大成功で、神域のバランス汁。我を忘れる夢中汁。奮えながら啜る。<n>感動、完飲。ごっそさんです。 http://t.co/QVZkwQBJ1Q,98,false,90,2015/04/28 22:03:20
,平成27年4月28日火曜日、鉢ノ葦葉 三重県四日市市、特製塩+特盛+くんたま+ 味ごはん中1530YEN<n>繊細な味わいの塩味汁が胃に腸に染みわたる。味玉ウンメ〜何の味付けだろ？味ごはんは具沢山、いい味してる。たまらず貪り喰った。完飲。 http://t.co/8XW6kLOGdm,17,false,29,2015/04/28 13:25:01
,平成27年4月27日月曜日、ラーメン二郎 品川店、小+煮玉子+煮玉子 ニンニク 800YEN<n>ザクとした食感の麺に汁染みててウンメ〜、ただでさえ味わい深い汁に、一味天空落としたら、ウマさ極まり、思わず完飲。 http://t.co/odI0smjm4R,19,false,31,2015/04/27 19:27:40
,平成27年4月27日月曜日、ラーメン二郎 三田本店、大ラーメン ニンニク少 650YEN<n>汁、ウンメえええええぇッ！！課長と肉の旨味、アブラの甘みが合わさり、最強なもの。完飲。恍惚となり、店を後にした。 http://t.co/GnFpFWiCA8,53,false,62,2015/04/27 14:38:22
,平成27年4月25日土曜日、ラーメン二郎 会津若松駅前店、小ラーメン豚入り+しょうが ニンニク 850YEN<n>旨味の効いた甘口なテイストの汁と、チョイデロな柔らかめな麺が、メッチャ俺好みのもの。完飲。 http://t.co/G24jjLpOf5,14,false,30,2015/04/25 18:38:41
,平成27年4月24日金曜日、ラーメン二郎 JR西口蒲田店、大ブタ 930YEN<n>2004入店、食券買うと札の確認あり<n>2006着席<n>2008コール、ニンニクトウガラシ<n>2014完飲。ごっそさんです。 http://t.co/RVn0yUiAUo,59,false,56,2015/04/24 20:35:32
,平成27年4月23日木曜日、ラーメン二郎 京急川崎店、大ラーメン 830YEN<n>豚、ちょいパサも汁に浸せばウマいもの<n>麺、頬張るとほどける食感俺好み<n>汁、甘ウマい夢中で飲める癒し汁<n>完飲。ごっそさんです。 http://t.co/OSp3TtmaMj,6,false,27,2015/04/23 22:27:29
,平成27年4月23日木曜日、煮干中華ソバイチカワ、煮干ソバ(S)+味玉+ペースト+賄い飯+和え玉 1200YEN煮干スープウンメぇぇッ！パッツパツな麺が超合ってて最ッ高に楽しめた！完飲。ごっそさんです。 http://t.co/27RKifOkwS,23,false,55,2015/04/23 12:06:59
,平成27年4月22日水曜日、ラーメン二郎 亀戸店、ラーメン+味玉+生卵+生卵 890YEN<n>クニュとした食感の麺がアブラ纏ってウンメ〜卓上のマヨ試してみる。ほお、コクが加わりたまらない。思わず完飲。 http://t.co/35IMTCW3gJ,20,false,34,2015/04/22 21:11:20
,ゴールデンの予定が貼ってあった。 http://t.co/w0xumVqD8o,6,false,16,2015/04/21 21:37:53
,平成27年4月21日火曜日、ラーメン二郎 京急川崎店、大ブタ 930YEN<n>甘ウマ汁染みてて、トロける柔らかさの俺好みな麺を夢中で頬張る。気が付いたら、丼がカラになってた。完飲。ごっそさんです。 http://t.co/OGDeJSvglR,17,false,43,2015/04/21 21:30:15
,平成27年4月20日月曜日、ラーメン二郎 西台駅前店、大ラーメン+油そば+白ネギ+味付うずら+生卵+生卵 ニンニク 1150YEN<n>塩気が効いたタレに、白ネギと卵落とせば、絶品スープ完成ッ！思わず完飲。 http://t.co/ZsTAqgOQkA,29,false,43,2015/04/20 21:10:41
,@Happykenn この日は食べるラー油を載せてくれました。,0,false,1,2015/04/19 15:48:26
,平成27年4月18日土曜日、ラーメン二郎八王子野猿街道店2、小ラーメン(辛いの)+うずら卵+生卵+生卵+きまぐれたまご+きまぐれたまご ニンニク少 1130YEN<n>辛汁に卵、最ッ高に合うわ〜。完飲。 http://t.co/K45HGHA95f,22,false,41,2015/04/18 20:18:34
,平成27年4月17日金曜日、ラーメン二郎八王子野猿街道店2、小ラーメン(辛いの)+うずら卵+生卵+生卵+きまぐれたまご ニンニク少 1030YEN<n>奥深い味わいの辛汁に卵落とせば奮えるウマさで思わず完飲。 http://t.co/xM7D5Xk4lG,11,false,34,2015/04/17 19:20:17
,平成27年4月16日木曜日、ラーメン二郎 環七新新代田店、中+かつおぶし+なまたまご+なまたまご ニンニク 900YEN<n>汁、ミルキィで俺好みな醤油加減の汁に、ニンニク溶けて、夢中になれる汁。完飲した。 http://t.co/fMbuCh9mkl,13,false,32,2015/04/16 21:15:13
,平成27年4月15日水曜日、ラーメン二郎 小岩店、大豚入り ニンニク 950YEN<n>店員は、店主とオバちゃんの2名。<n>液体脂まとったムチムチ麺がたまらなくウマい。豚も汁も最ッ高にウマいぃぃっ！！完飲。 http://t.co/6bUupuYtWQ,11,false,27,2015/04/15 12:19:25
,平成27年4月14日火曜日、ラーメン二郎 西台駅前店、大ラーメン+白ネギ+味付うずら+生卵+生卵 ニンニク 1050YEN 醤油染みた麺はザクザクと喰える食感。完飲、ごっそさんです。 http://t.co/0OlmLREjCw,10,false,31,2015/04/14 21:37:29
,平成27年4月13日月曜日、ラーメン二郎ひばりヶ丘駅前店、ラーメン ニンニク700YEN<n>パツ麺に醤油がギリリ効いたひばり汁染みてる。ブタは、トロロトロけてウマいもの。夢中で完飲、ごっそさんです。 http://t.co/LGrjWnBF2C,14,false,32,2015/04/13 19:25:42
,平成27年4月11日土曜日、ラーメン二郎新小金井街道店、大ラーメン+辛いの+味玉+味玉 ニンニク980YEN<n>味玉50円お求め易い価格に感動ッ！辛味で味玉の甘み際立ち癒され味。完飲、ごっそさんです。 http://t.co/Wa39NuXB9v,12,false,33,2015/04/11 18:20:11
,平成27年4月10日金曜日、ラーメン二郎 茨城守谷店、大ラーメン++うずらの卵+生卵+生卵 ニンニク少 1050YEN<n>味染みた守谷麺、濃コク醤油味の激ウマ汁、ゴロとした端豚、最ッ高にウマいもの。 http://t.co/Df0hPa2kjE,18,false,29,2015/04/10 15:39:08
,平成27年4月9日木曜日、ラーメン二郎 西台駅前店、大ラーメン+白ネギ+味付うずら+生卵+生卵 ニンニク 1050YEN<n>グルと豚の旨味豊かな二郎汁に、ネギと生卵落として啜れば、も〜たまらん！ http://t.co/3l6ULIF7iw,7,false,24,2015/04/09 14:27:57
,平成27年4月8日水曜日、ラーメン二郎 西台駅前店、大ラーメン+白ネギ+味付うずら+生卵+生卵 ニンニク 1050YEN<n>麺、舌やけどするほどアッツアツ、寒い日に堪らないもの。<n>完飲。ごっそさんです。 http://t.co/lDDTuECkUw,14,false,38,2015/04/08 22:10:05
,平成27年4月7日火曜日、ラーメン二郎 千住大橋駅前店、大ラーメン+生たまご+生たまご ニンニク 900YEN メッチャウマ汁、千住汁。塩気ギリリなPAPP汁。俺、おもわずKAN-IN。 http://t.co/aRxyUQxwJ9,82,false,77,2015/04/07 21:40:17
,【LIVE】蒲田の様子。<n>よ、様子を見に行っただけなんだからね！ http://t.co/mf8e2FLy8G,32,false,33,2015/04/07 13:42:54
,平成27年4月6日月曜日、ラーメン二郎 西台駅前店、大ラーメン+白ネギ+味付うずら+生卵+生卵 ニンニク 1050YEN<n>最近、西台のラーメンにハマってる。 http://t.co/MgIcvgKzic,9,false,32,2015/04/06 19:43:00
,平成27年4月4日土曜日、ラーメン二郎 新小金井街道店、小ラーメン+辛いの+味玉+味玉 ニンニク 880YEN<n>辛いのウンメ〜〜〜！！思わず飲み干しちまった。 http://t.co/heXG714iho,17,false,35,2015/04/04 16:00:57
,平成27年4月3日金曜日、ラーメン二郎 西台駅前店、大ラーメン+白ネギ+味付うずら+生卵+生卵 ニンニク 1050YEN<n>感動、完飲、ごっそさん。 http://t.co/l8ak6vdkoH,22,false,41,2015/04/03 20:27:50
,@habomaijiro: 平成27年4月2日木曜日、ラーメン二郎 西台駅前店、大ラーメン+白ネギ+味付うずら+生卵+生卵 ニンニク 1050YEN <n>西台で久々に汁有り食った。超ウマいな！！ハマりそう！！ http://t.co/cXzqqylT8q,14,false,20,2015/04/02 22:16:28
,平成27年4月2日木曜日、まつもとの来来憲 三重県四日市市、大とんてき定食+ニンニクダブル 1835YEN http://t.co/Lt3qnMGpiL,101,false,69,2015/04/02 16:29:22
,平成27年4月1日水曜日、麺屋はなび 桑名店 三重県桑名市、元祖台湾まぜそば+麺大盛り+半ミンチ+味玉 ニンニク 1100YEN http://t.co/epV6ZbpWbN,17,false,22,2015/04/01 20:17:32
,平成27年4月1日水曜日、らぁめん大山 富士本店 静岡県富士市、煮干し大麺+大盛り ニンニク 1080YEN http://t.co/4MBryHF6Ek,12,false,21,2015/04/01 12:59:56
,平成27年3月31日火曜日、ラーメン二郎 西台駅前店、大ラーメン+油そば(塩)+青ネギ+味付うずら+生卵+生卵 ニンニク 1150YEN <n>油そば(塩)、最ッ高にウマかった！！！ http://t.co/9A6gbxifSc,29,false,30,2015/03/31 21:55:01
,平成27年3月30日月曜日、ラーメン二郎 西台駅前店、大ラーメン+油そば(塩)+青ネギ+味付うずら+生卵+生卵 ニンニク 1150YEN http://t.co/uPzOz4DDHv,18,false,29,2015/03/30 19:04:54
,平成27年3月28日土曜日、ラーメン二郎 西台駅前店、大ラーメン+油そば(塩)+青ネギ+味付うずら+生卵+生卵 ニンニク 1150YEN http://t.co/CFNKsqmWIo,19,false,22,2015/03/28 14:38:34
,平成27年3月27日金曜日、ラーメン二郎 西台駅前店、大ラーメン+油そば(塩)+青ネギ+味付うずら+生卵+生卵 ニンニク 1150YEN http://t.co/G0C4eZu7KY,16,false,19,2015/03/27 18:16:32
,平成27年3月26日木曜日、ラーメン二郎 西台駅前店、大ラーメン+油そば(塩)+青ネギ+味付うずら+生卵+生卵 ニンニク 1150YEN http://t.co/V07xl7BsO6,19,false,18,2015/03/26 21:12:38
,平成27年3月26日木曜日、江ざわ千葉県勝浦市 チャーシュー担々麺 1100YEN http://t.co/tA2klmxnvg,21,false,25,2015/03/26 12:32:19
,平成27年3月25日給料日ッ、ラーメン二郎 西台駅前店、大ラーメン+油そば(塩)+青ネギ+味付うずら+生卵+生卵 ニンニク 1150YEN http://t.co/eB2NXyFO1Z,36,false,25,2015/03/25 21:32:25
,平成27年3月24日火曜日、ラーメン二郎 西台駅前店、大ラーメン+油そば(塩)+青ネギ+味付うずら+生卵+生卵 ニンニク 1150YEN http://t.co/euvPuA9w06,23,false,19,2015/03/24 20:23:33
,平成27年3月23日月曜日、ラーメン二郎 西台駅前店、大ラーメン+油そば(塩)+青ネギ+味付うずら+生卵+生卵 ニンニク 1150YEN http://t.co/WJU56DQ6ho,22,false,20,2015/03/23 18:02:56
,平成27年3月20日金曜日、ラーメン二郎 西台駅前店、大ラーメン+油そば(塩)+青ネギ+味付うずら+生卵+生卵 ニンニク 1150YEN http://t.co/LQSzktwcIW,22,false,19,2015/03/20 20:56:00
,平成27年3月19日木曜日、ラーメン二郎 西台駅前店、大ラーメン+油そば(塩)+青ネギ+味付うずら+生卵+生卵 ニンニク 1150YEN http://t.co/L5a6SBf0ks,26,false,19,2015/03/19 20:49:27
,平成27年3月18日水曜日、ラーメン二郎 西台駅前店、大ラーメン+油そば(塩)+青ネギ+味付うずら+生卵+生卵 ニンニク 1150YEN http://t.co/y24V1u2wb4,26,false,18,2015/03/18 21:04:58
,平成27年3月17日火曜日、ラーメン二郎 西台駅前店、大ラーメン+油そば(塩)+青ネギ+味付うずら+生卵+生卵 ニンニク 1150YEN http://t.co/gbYiY0Eg4k,23,false,20,2015/03/17 20:51:44
,平成27年3月16日月曜日、ラーメン二郎 西台駅前店、大ラーメン+油そば(塩)+青ネギ+味付うずら+生卵+生卵 ニンニク 1150YEN http://t.co/hJOTVYp8s8,62,false,39,2015/03/16 19:13:17
